Transport 1: Run "4-11-20190506122234973" completed. Potential Total: 5900, Potential Matched: 969, Potential Timeouts: 0, Actual Total: 969, Actual Moved: 140, Actual Timeouts: 0, Actual Timeouts Inc: 0, Late: 4, Errors: 0

---------- Timing Histograms ----------

NameVariations ( Count: 1090 Min: 2 Max: 4194304 Average: 16545)
Range	0	10	20	30	40	50	60	70	80	90	100	110	120	130	140	150	160	170	180	190	200	210	220	230	240	250	260	270	280	290	300	310	320	330	340	350	360	370	380	390	400	410	420	430	440	450	460	470	480	490	500	510	520	530	540	550	560	570	580	590	600	610	620	630	640	650	660	670	680	690	700	710	720	730	740	750	760	770	780	790	800	810	820	830	840	850	860	870	880	890	900	910	920	930	940	950	960	970	980	990	
Count	76	77	39	41	43	6	37	36	1	24	11	0	26	0	57	0	0	0	0	7	0	6	0	0	0	11	0	0	38	0	0	0	1	0	0	0	0	0	26	0	0	0	0	42	0	0	0	0	7	0	0	260	0	0	0	0	0	119	0	0	0	0	0	0	0	0	0	0	0	0	0	0	0	0	0	0	0	0	0	0	0	0	0	0	0	0	0	0	0	0	0	0	0	0	0	0	0	0	0	99	

TotalTimeInSystem(Ms) ( Count: 969 Min: 61 Max: 877 Average: 95)
Range	0	10	20	30	40	50	60	70	80	90	100	110	120	130	140	150	160	170	180	190	200	210	220	230	240	250	260	270	280	290	300	310	320	330	340	350	360	370	380	390	400	410	420	430	440	450	460	470	480	490	500	510	520	530	540	550	560	570	580	590	600	610	620	630	640	650	660	670	680	690	700	710	720	730	740	750	760	770	780	790	800	810	820	830	840	850	860	870	
Count	0	0	0	0	0	0	345	61	72	56	83	236	54	28	13	6	1	1	1	0	2	0	0	1	2	0	1	0	0	0	0	1	0	0	0	0	0	0	0	0	0	0	0	0	0	0	0	0	0	0	0	0	0	0	0	1	0	0	0	0	1	0	0	0	0	0	0	0	0	0	0	0	0	0	1	0	0	0	0	0	0	0	0	0	1	0	0	1	

TimeRemainingAtReceipt(Ms) ( Count: 969 Min: 596 Max: 623 Average: 614)
Range	0	10	20	30	40	50	60	70	80	90	100	110	120	130	140	150	160	170	180	190	200	210	220	230	240	250	260	270	280	290	300	310	320	330	340	350	360	370	380	390	400	410	420	430	440	450	460	470	480	490	500	510	520	530	540	550	560	570	580	590	600	610	620	
Count	0	0	0	0	0	0	0	0	0	0	0	0	0	0	0	0	0	0	0	0	0	0	0	0	0	0	0	0	0	0	0	0	0	0	0	0	0	0	0	0	0	0	0	0	0	0	0	0	0	0	0	0	0	0	0	0	0	0	0	3	158	678	130	

CheckMoveRequestsPerSecond ( Count: 314 Min: 1 Max: 10 Average: 3)
Range	0	5	10	
Count	240	72	2	

LookupQueryTime(Ms) ( Count: 963 Min: 0 Max: 253 Average: 28)
Range	0	10	20	30	40	50	60	70	80	90	100	110	120	130	140	150	160	170	180	190	200	210	220	230	240	250	
Count	385	50	66	52	189	148	39	13	12	4	0	1	0	0	0	2	0	1	0	0	0	0	0	0	0	1	

TotalProcessTime(Ms) ( Count: 969 Min: 60 Max: 877 Average: 95)
Range	0	10	20	30	40	50	60	70	80	90	100	110	120	130	140	150	160	170	180	190	200	210	220	230	240	250	260	270	280	290	300	310	320	330	340	350	360	370	380	390	400	410	420	430	440	450	460	470	480	490	500	510	520	530	540	550	560	570	580	590	600	610	620	630	640	650	660	670	680	690	700	710	720	730	740	750	760	770	780	790	800	810	820	830	840	850	860	870	
Count	0	0	0	0	0	0	345	61	72	56	83	236	54	28	13	6	1	1	1	0	2	0	0	1	2	0	1	0	0	0	0	1	0	0	0	0	0	0	0	0	0	0	0	0	0	0	0	0	0	0	0	0	0	0	0	1	0	0	0	0	1	0	0	0	0	0	0	0	0	0	0	0	0	0	1	0	0	0	0	0	0	0	0	0	1	0	0	1	

CloudLookupTravelAndProcessTime(Ms) ( Count: 969 Min: 60 Max: 877 Average: 95)
Range	0	10	20	30	40	50	60	70	80	90	100	110	120	130	140	150	160	170	180	190	200	210	220	230	240	250	260	270	280	290	300	310	320	330	340	350	360	370	380	390	400	410	420	430	440	450	460	470	480	490	500	510	520	530	540	550	560	570	580	590	600	610	620	630	640	650	660	670	680	690	700	710	720	730	740	750	760	770	780	790	800	810	820	830	840	850	860	870	
Count	0	0	0	0	0	0	345	61	73	56	83	238	51	28	13	6	1	1	1	0	2	0	0	1	2	0	1	0	0	0	0	1	0	0	0	0	0	0	0	0	0	0	0	0	0	0	0	0	0	0	0	0	0	0	0	1	0	0	0	0	1	0	0	0	0	0	0	0	0	0	0	0	0	0	1	0	0	0	0	0	0	0	0	0	1	0	0	1	

CloudLookupTravelTime(Ms) ( Count: 963 Min: 60 Max: 775 Average: 67)
Range	0	10	20	30	40	50	60	70	80	90	100	110	120	130	140	150	160	170	180	190	200	210	220	230	240	250	260	270	280	290	300	310	320	330	340	350	360	370	380	390	400	410	420	430	440	450	460	470	480	490	500	510	520	530	540	550	560	570	580	590	600	610	620	630	640	650	660	670	680	690	700	710	720	730	740	750	760	770	
Count	0	0	0	0	0	0	902	6	43	0	0	0	0	1	0	0	3	1	0	0	1	0	0	0	1	0	0	0	0	0	0	0	0	0	0	0	0	0	1	0	0	0	0	0	1	0	0	0	0	0	0	0	0	0	0	0	0	0	0	0	0	0	0	0	0	0	0	0	0	0	0	1	0	0	1	0	0	1	

ResponseSendTime(Ms) ( Count: 6869 Min: 0 Max: 1 Average: 0)
Range	0	
Count	6869	


---------- Global Timing Histograms ----------

TimeRemainingAtReceipt(Ms) ( Count: 1412 Min: 585 Max: 623 Average: 615)
Range	0	10	20	30	40	50	60	70	80	90	100	110	120	130	140	150	160	170	180	190	200	210	220	230	240	250	260	270	280	290	300	310	320	330	340	350	360	370	380	390	400	410	420	430	440	450	460	470	480	490	500	510	520	530	540	550	560	570	580	590	600	610	620	
Count	0	0	0	0	0	0	0	0	0	0	0	0	0	0	0	0	0	0	0	0	0	0	0	0	0	0	0	0	0	0	0	0	0	0	0	0	0	0	0	0	0	0	0	0	0	0	0	0	0	0	0	0	0	0	0	0	0	0	1	5	169	1083	154	

ResponseSendTime(Ms) ( Count: 12004 Min: 0 Max: 1 Average: 0)
Range	0	
Count	12004	

CheckMoveRequestsPerSecond ( Count: 0 Min: 0 Max: 0 Average: 0)

