Transport 1: Run "4-11-20190506124807610" completed. Potential Total: 2784, Potential Matched: 234, Potential Timeouts: 0, Actual Total: 234, Actual Moved: 11, Actual Timeouts: 0, Actual Timeouts Inc: 0, Late: 0, Errors: 0

---------- Timing Histograms ----------

NameVariations ( Count: 234 Min: 1 Max: 32768 Average: 757)
Range	0	10	20	30	40	50	60	70	80	90	100	110	120	130	140	150	160	170	180	190	200	210	220	230	240	250	260	270	280	290	300	310	320	330	340	350	360	370	380	390	400	410	420	430	440	450	460	470	480	490	500	510	520	530	540	550	560	570	580	590	600	610	620	630	640	650	660	670	680	690	700	710	720	730	740	750	760	770	780	790	800	810	820	830	840	850	860	870	880	890	900	910	920	930	940	950	960	970	980	990	
Count	23	6	3	8	4	2	1	0	0	5	0	0	3	0	2	0	0	0	0	4	0	1	0	0	0	2	0	0	3	0	0	0	1	0	0	0	0	0	10	0	0	0	0	8	0	0	0	0	1	0	0	88	0	0	0	0	0	26	0	0	0	0	0	0	0	0	0	0	0	0	0	0	0	0	0	0	0	0	0	0	0	0	0	0	0	0	0	0	0	0	0	0	0	0	0	0	0	0	0	33	

TotalTimeInSystem(Ms) ( Count: 234 Min: 60 Max: 447 Average: 106)
Range	0	10	20	30	40	50	60	70	80	90	100	110	120	130	140	150	160	170	180	190	200	210	220	230	240	250	260	270	280	290	300	310	320	330	340	350	360	370	380	390	400	410	420	430	440	
Count	0	0	0	0	0	0	57	10	11	11	15	76	21	8	9	4	4	1	1	0	1	2	0	0	0	0	0	0	1	1	0	0	0	0	0	0	0	0	0	0	0	0	0	0	1	

TimeRemainingAtReceipt(Ms) ( Count: 234 Min: 606 Max: 623 Average: 614)
Range	0	10	20	30	40	50	60	70	80	90	100	110	120	130	140	150	160	170	180	190	200	210	220	230	240	250	260	270	280	290	300	310	320	330	340	350	360	370	380	390	400	410	420	430	440	450	460	470	480	490	500	510	520	530	540	550	560	570	580	590	600	610	620	
Count	0	0	0	0	0	0	0	0	0	0	0	0	0	0	0	0	0	0	0	0	0	0	0	0	0	0	0	0	0	0	0	0	0	0	0	0	0	0	0	0	0	0	0	0	0	0	0	0	0	0	0	0	0	0	0	0	0	0	0	0	30	176	28	

CheckMoveRequestsPerSecond ( Count: 82 Min: 1 Max: 9 Average: 3)
Range	0	5	
Count	66	16	

LookupQueryTime(Ms) ( Count: 233 Min: 0 Max: 164 Average: 38)
Range	0	10	20	30	40	50	60	70	80	90	100	110	120	130	140	150	160	
Count	65	9	12	8	57	43	16	9	5	5	2	1	0	0	0	0	1	

TotalProcessTime(Ms) ( Count: 234 Min: 60 Max: 447 Average: 106)
Range	0	10	20	30	40	50	60	70	80	90	100	110	120	130	140	150	160	170	180	190	200	210	220	230	240	250	260	270	280	290	300	310	320	330	340	350	360	370	380	390	400	410	420	430	440	
Count	0	0	0	0	0	0	57	10	11	11	15	76	21	8	9	4	4	1	1	0	1	2	0	0	0	0	0	0	1	1	0	0	0	0	0	0	0	0	0	0	0	0	0	0	1	

CloudLookupTravelAndProcessTime(Ms) ( Count: 234 Min: 60 Max: 447 Average: 106)
Range	0	10	20	30	40	50	60	70	80	90	100	110	120	130	140	150	160	170	180	190	200	210	220	230	240	250	260	270	280	290	300	310	320	330	340	350	360	370	380	390	400	410	420	430	440	
Count	0	0	0	0	0	0	57	10	11	11	16	75	22	7	9	4	4	1	1	0	1	2	0	0	0	0	0	0	1	1	0	0	0	0	0	0	0	0	0	0	0	0	0	0	1	

CloudLookupTravelTime(Ms) ( Count: 233 Min: 60 Max: 283 Average: 68)
Range	0	10	20	30	40	50	60	70	80	90	100	110	120	130	140	150	160	170	180	190	200	210	220	230	240	250	260	270	280	
Count	0	0	0	0	0	0	214	1	9	1	0	2	0	0	1	0	1	0	0	1	0	0	0	1	0	1	0	0	1	

ResponseSendTime(Ms) ( Count: 3018 Min: 0 Max: 1 Average: 0)
Range	0	
Count	3018	


---------- Global Timing Histograms ----------

TimeRemainingAtReceipt(Ms) ( Count: 1676 Min: 585 Max: 623 Average: 615)
Range	0	10	20	30	40	50	60	70	80	90	100	110	120	130	140	150	160	170	180	190	200	210	220	230	240	250	260	270	280	290	300	310	320	330	340	350	360	370	380	390	400	410	420	430	440	450	460	470	480	490	500	510	520	530	540	550	560	570	580	590	600	610	620	
Count	0	0	0	0	0	0	0	0	0	0	0	0	0	0	0	0	0	0	0	0	0	0	0	0	0	0	0	0	0	0	0	0	0	0	0	0	0	0	0	0	0	0	0	0	0	0	0	0	0	0	0	0	0	0	0	0	0	0	1	5	208	1280	182	

ResponseSendTime(Ms) ( Count: 15101 Min: 0 Max: 1 Average: 0)
Range	0	
Count	15101	

CheckMoveRequestsPerSecond ( Count: 0 Min: 0 Max: 0 Average: 0)

