Transport 1: Run "4-11-20190503124846603" completed. Potential Total: 1, Potential Matched: 1, Potential Timeouts: 0, Actual Total: 1, Actual Moved: 0, Actual Timeouts: 0, Actual Timeouts Inc: 0, Late: 0, Errors: 0

---------- Timing Histograms ----------

NameVariations ( Count: 1 Min: 64 Max: 64 Average: 64)
Range	0	10	20	30	40	50	60	
Count	0	0	0	0	0	0	1	

TotalTimeInSystem(Ms) ( Count: 1 Min: 66 Max: 66 Average: 66)
Range	0	10	20	30	40	50	60	
Count	0	0	0	0	0	0	1	

TimeRemainingAtReceipt(Ms) ( Count: 1 Min: 611 Max: 611 Average: 611)
Range	0	10	20	30	40	50	60	70	80	90	100	110	120	130	140	150	160	170	180	190	200	210	220	230	240	250	260	270	280	290	300	310	320	330	340	350	360	370	380	390	400	410	420	430	440	450	460	470	480	490	500	510	520	530	540	550	560	570	580	590	600	610	
Count	0	0	0	0	0	0	0	0	0	0	0	0	0	0	0	0	0	0	0	0	0	0	0	0	0	0	0	0	0	0	0	0	0	0	0	0	0	0	0	0	0	0	0	0	0	0	0	0	0	0	0	0	0	0	0	0	0	0	0	0	0	1	

CheckMoveRequestsPerSecond ( Count: 1 Min: 4 Max: 4 Average: 4)
Range	0	
Count	1	

LookupQueryTime(Ms) ( Count: 1 Min: 2 Max: 2 Average: 2)
Range	0	
Count	1	

TotalProcessTime(Ms) ( Count: 1 Min: 66 Max: 66 Average: 66)
Range	0	10	20	30	40	50	60	
Count	0	0	0	0	0	0	1	

CloudLookupTravelAndProcessTime(Ms) ( Count: 1 Min: 66 Max: 66 Average: 66)
Range	0	10	20	30	40	50	60	
Count	0	0	0	0	0	0	1	

CloudLookupTravelTime(Ms) ( Count: 1 Min: 64 Max: 64 Average: 64)
Range	0	10	20	30	40	50	60	
Count	0	0	0	0	0	0	1	

ResponseSendTime(Ms) ( Count: 2 Min: 0 Max: 0 Average: 0)
Range	0	
Count	2	


---------- Global Timing Histograms ----------

TimeRemainingAtReceipt(Ms) ( Count: 556 Min: 308 Max: 624 Average: 614)
Range	0	10	20	30	40	50	60	70	80	90	100	110	120	130	140	150	160	170	180	190	200	210	220	230	240	250	260	270	280	290	300	310	320	330	340	350	360	370	380	390	400	410	420	430	440	450	460	470	480	490	500	510	520	530	540	550	560	570	580	590	600	610	620	
Count	0	0	0	0	0	0	0	0	0	0	0	0	0	0	0	0	0	0	0	0	0	0	0	0	0	0	0	0	0	0	1	2	0	0	0	0	0	0	0	0	0	0	1	0	0	0	0	0	0	0	0	0	0	0	0	0	0	0	0	2	51	425	74	

ResponseSendTime(Ms) ( Count: 7882 Min: 0 Max: 1 Average: 0)
Range	0	
Count	7882	

CheckMoveRequestsPerSecond ( Count: 0 Min: 0 Max: 0 Average: 0)

