Transport 1: Run "4-11-20190503105057328" completed. Potential Total: 38, Potential Matched: 1, Potential Timeouts: 0, Actual Total: 1, Actual Moved: 0, Actual Timeouts: 0, Actual Timeouts Inc: 0, Late: 0, Errors: 0

---------- Timing Histograms ----------

NameVariations ( Count: 2 Min: 512 Max: 576 Average: 544)
Range	0	10	20	30	40	50	60	70	80	90	100	110	120	130	140	150	160	170	180	190	200	210	220	230	240	250	260	270	280	290	300	310	320	330	340	350	360	370	380	390	400	410	420	430	440	450	460	470	480	490	500	510	520	530	540	550	560	570	
Count	0	0	0	0	0	0	0	0	0	0	0	0	0	0	0	0	0	0	0	0	0	0	0	0	0	0	0	0	0	0	0	0	0	0	0	0	0	0	0	0	0	0	0	0	0	0	0	0	0	0	0	1	0	0	0	0	0	1	

TotalTimeInSystem(Ms) ( Count: 1 Min: 104 Max: 104 Average: 104)
Range	0	10	20	30	40	50	60	70	80	90	100	
Count	0	0	0	0	0	0	0	0	0	0	1	

TimeRemainingAtReceipt(Ms) ( Count: 1 Min: 603 Max: 603 Average: 603)
Range	0	10	20	30	40	50	60	70	80	90	100	110	120	130	140	150	160	170	180	190	200	210	220	230	240	250	260	270	280	290	300	310	320	330	340	350	360	370	380	390	400	410	420	430	440	450	460	470	480	490	500	510	520	530	540	550	560	570	580	590	600	
Count	0	0	0	0	0	0	0	0	0	0	0	0	0	0	0	0	0	0	0	0	0	0	0	0	0	0	0	0	0	0	0	0	0	0	0	0	0	0	0	0	0	0	0	0	0	0	0	0	0	0	0	0	0	0	0	0	0	0	0	0	1	

CheckMoveRequestsPerSecond ( Count: 1 Min: 1 Max: 1 Average: 1)
Range	0	
Count	1	

LookupQueryTime(Ms) ( Count: 1 Min: 41 Max: 41 Average: 41)
Range	0	10	20	30	40	
Count	0	0	0	0	1	

TotalProcessTime(Ms) ( Count: 1 Min: 104 Max: 104 Average: 104)
Range	0	10	20	30	40	50	60	70	80	90	100	
Count	0	0	0	0	0	0	0	0	0	0	1	

CloudLookupTravelAndProcessTime(Ms) ( Count: 1 Min: 104 Max: 104 Average: 104)
Range	0	10	20	30	40	50	60	70	80	90	100	
Count	0	0	0	0	0	0	0	0	0	0	1	

CloudLookupTravelTime(Ms) ( Count: 1 Min: 63 Max: 63 Average: 63)
Range	0	10	20	30	40	50	60	
Count	0	0	0	0	0	0	1	

ResponseSendTime(Ms) ( Count: 39 Min: 0 Max: 1 Average: 0)
Range	0	
Count	39	


---------- Global Timing Histograms ----------

TimeRemainingAtReceipt(Ms) ( Count: 129 Min: 590 Max: 620 Average: 613)
Range	0	10	20	30	40	50	60	70	80	90	100	110	120	130	140	150	160	170	180	190	200	210	220	230	240	250	260	270	280	290	300	310	320	330	340	350	360	370	380	390	400	410	420	430	440	450	460	470	480	490	500	510	520	530	540	550	560	570	580	590	600	610	620	
Count	0	0	0	0	0	0	0	0	0	0	0	0	0	0	0	0	0	0	0	0	0	0	0	0	0	0	0	0	0	0	0	0	0	0	0	0	0	0	0	0	0	0	0	0	0	0	0	0	0	0	0	0	0	0	0	0	0	0	0	2	23	103	1	

ResponseSendTime(Ms) ( Count: 2793 Min: 0 Max: 1 Average: 0)
Range	0	
Count	2793	

CheckMoveRequestsPerSecond ( Count: 0 Min: 0 Max: 0 Average: 0)

