Transport 1: Run "4-11-20190506115509235" completed. Potential Total: 1464, Potential Matched: 77, Potential Timeouts: 0, Actual Total: 77, Actual Moved: 15, Actual Timeouts: 0, Actual Timeouts Inc: 0, Late: 0, Errors: 0

---------- Timing Histograms ----------

NameVariations ( Count: 106 Min: 1 Max: 1024 Average: 193)
Range	0	10	20	30	40	50	60	70	80	90	100	110	120	130	140	150	160	170	180	190	200	210	220	230	240	250	260	270	280	290	300	310	320	330	340	350	360	370	380	390	400	410	420	430	440	450	460	470	480	490	500	510	520	530	540	550	560	570	580	590	600	610	620	630	640	650	660	670	680	690	700	710	720	730	740	750	760	770	780	790	800	810	820	830	840	850	860	870	880	890	900	910	920	930	940	950	960	970	980	990	
Count	18	12	6	5	5	0	2	3	0	7	0	0	3	0	3	0	0	0	0	4	0	3	0	0	0	1	0	0	2	0	0	0	3	0	0	0	0	0	5	0	0	0	0	7	0	0	0	0	3	0	0	5	0	0	0	0	0	8	0	0	0	0	0	0	0	0	0	0	0	0	0	0	0	0	0	0	0	0	0	0	0	0	0	0	0	0	0	0	0	0	0	0	0	0	0	0	0	0	0	1	

TotalTimeInSystem(Ms) ( Count: 77 Min: 61 Max: 527 Average: 131)
Range	0	10	20	30	40	50	60	70	80	90	100	110	120	130	140	150	160	170	180	190	200	210	220	230	240	250	260	270	280	290	300	310	320	330	340	350	360	370	380	390	400	410	420	430	440	450	460	470	480	490	500	510	520	
Count	0	0	0	0	0	0	34	7	6	4	4	2	0	0	0	0	0	0	0	0	0	0	0	0	6	3	1	1	2	0	4	1	0	0	0	0	0	0	0	0	0	0	0	0	0	0	0	0	1	0	0	0	1	

TimeRemainingAtReceipt(Ms) ( Count: 77 Min: 585 Max: 621 Average: 614)
Range	0	10	20	30	40	50	60	70	80	90	100	110	120	130	140	150	160	170	180	190	200	210	220	230	240	250	260	270	280	290	300	310	320	330	340	350	360	370	380	390	400	410	420	430	440	450	460	470	480	490	500	510	520	530	540	550	560	570	580	590	600	610	620	
Count	0	0	0	0	0	0	0	0	0	0	0	0	0	0	0	0	0	0	0	0	0	0	0	0	0	0	0	0	0	0	0	0	0	0	0	0	0	0	0	0	0	0	0	0	0	0	0	0	0	0	0	0	0	0	0	0	0	0	1	2	7	66	1	

CheckMoveRequestsPerSecond ( Count: 52 Min: 1 Max: 6 Average: 1)
Range	0	5	
Count	51	1	

LookupQueryTime(Ms) ( Count: 77 Min: 0 Max: 76 Average: 15)
Range	0	10	20	30	40	50	60	70	
Count	45	7	7	7	6	4	0	1	

TotalProcessTime(Ms) ( Count: 77 Min: 61 Max: 527 Average: 131)
Range	0	10	20	30	40	50	60	70	80	90	100	110	120	130	140	150	160	170	180	190	200	210	220	230	240	250	260	270	280	290	300	310	320	330	340	350	360	370	380	390	400	410	420	430	440	450	460	470	480	490	500	510	520	
Count	0	0	0	0	0	0	34	7	6	4	4	2	0	0	0	0	0	0	0	0	0	0	0	0	6	3	1	1	2	0	4	1	0	0	0	0	0	0	0	0	0	0	0	0	0	0	0	0	1	0	0	0	1	

CloudLookupTravelAndProcessTime(Ms) ( Count: 77 Min: 61 Max: 526 Average: 131)
Range	0	10	20	30	40	50	60	70	80	90	100	110	120	130	140	150	160	170	180	190	200	210	220	230	240	250	260	270	280	290	300	310	320	330	340	350	360	370	380	390	400	410	420	430	440	450	460	470	480	490	500	510	520	
Count	0	0	0	0	0	0	34	7	6	4	4	2	0	0	0	0	0	0	0	0	0	0	0	0	6	3	1	1	2	0	4	1	0	0	0	0	0	0	0	0	0	0	0	0	0	0	0	0	1	0	0	0	1	

CloudLookupTravelTime(Ms) ( Count: 77 Min: 60 Max: 493 Average: 116)
Range	0	10	20	30	40	50	60	70	80	90	100	110	120	130	140	150	160	170	180	190	200	210	220	230	240	250	260	270	280	290	300	310	320	330	340	350	360	370	380	390	400	410	420	430	440	450	460	470	480	490	
Count	0	0	0	0	0	0	55	0	2	0	0	0	0	0	0	0	0	0	0	0	0	0	0	0	15	3	0	0	0	0	0	0	0	0	0	0	0	0	0	0	0	0	0	1	0	0	0	0	0	1	

ResponseSendTime(Ms) ( Count: 1541 Min: 0 Max: 1 Average: 0)
Range	0	
Count	1541	


---------- Global Timing Histograms ----------

TimeRemainingAtReceipt(Ms) ( Count: 77 Min: 585 Max: 621 Average: 614)
Range	0	10	20	30	40	50	60	70	80	90	100	110	120	130	140	150	160	170	180	190	200	210	220	230	240	250	260	270	280	290	300	310	320	330	340	350	360	370	380	390	400	410	420	430	440	450	460	470	480	490	500	510	520	530	540	550	560	570	580	590	600	610	620	
Count	0	0	0	0	0	0	0	0	0	0	0	0	0	0	0	0	0	0	0	0	0	0	0	0	0	0	0	0	0	0	0	0	0	0	0	0	0	0	0	0	0	0	0	0	0	0	0	0	0	0	0	0	0	0	0	0	0	0	1	2	7	66	1	

ResponseSendTime(Ms) ( Count: 1541 Min: 0 Max: 1 Average: 0)
Range	0	
Count	1541	

CheckMoveRequestsPerSecond ( Count: 0 Min: 0 Max: 0 Average: 0)

