Transport 1: Run "4-11-20190506124521242" completed. Potential Total: 12, Potential Matched: 8, Potential Timeouts: 0, Actual Total: 8, Actual Moved: 0, Actual Timeouts: 0, Actual Timeouts Inc: 0, Late: 0, Errors: 0

---------- Timing Histograms ----------

NameVariations ( Count: 8 Min: 512 Max: 1024 Average: 640)
Range	0	10	20	30	40	50	60	70	80	90	100	110	120	130	140	150	160	170	180	190	200	210	220	230	240	250	260	270	280	290	300	310	320	330	340	350	360	370	380	390	400	410	420	430	440	450	460	470	480	490	500	510	520	530	540	550	560	570	580	590	600	610	620	630	640	650	660	670	680	690	700	710	720	730	740	750	760	770	780	790	800	810	820	830	840	850	860	870	880	890	900	910	920	930	940	950	960	970	980	990	
Count	0	0	0	0	0	0	0	0	0	0	0	0	0	0	0	0	0	0	0	0	0	0	0	0	0	0	0	0	0	0	0	0	0	0	0	0	0	0	0	0	0	0	0	0	0	0	0	0	0	0	0	6	0	0	0	0	0	0	0	0	0	0	0	0	0	0	0	0	0	0	0	0	0	0	0	0	0	0	0	0	0	0	0	0	0	0	0	0	0	0	0	0	0	0	0	0	0	0	0	2	

TotalTimeInSystem(Ms) ( Count: 8 Min: 110 Max: 115 Average: 112)
Range	0	10	20	30	40	50	60	70	80	90	100	110	
Count	0	0	0	0	0	0	0	0	0	0	0	8	

TimeRemainingAtReceipt(Ms) ( Count: 8 Min: 607 Max: 612 Average: 610)
Range	0	10	20	30	40	50	60	70	80	90	100	110	120	130	140	150	160	170	180	190	200	210	220	230	240	250	260	270	280	290	300	310	320	330	340	350	360	370	380	390	400	410	420	430	440	450	460	470	480	490	500	510	520	530	540	550	560	570	580	590	600	610	
Count	0	0	0	0	0	0	0	0	0	0	0	0	0	0	0	0	0	0	0	0	0	0	0	0	0	0	0	0	0	0	0	0	0	0	0	0	0	0	0	0	0	0	0	0	0	0	0	0	0	0	0	0	0	0	0	0	0	0	0	0	4	4	

CheckMoveRequestsPerSecond ( Count: 2 Min: 5 Max: 6 Average: 6)
Range	0	5	
Count	0	2	

LookupQueryTime(Ms) ( Count: 8 Min: 48 Max: 52 Average: 50)
Range	0	10	20	30	40	50	
Count	0	0	0	0	6	2	

TotalProcessTime(Ms) ( Count: 8 Min: 110 Max: 115 Average: 112)
Range	0	10	20	30	40	50	60	70	80	90	100	110	
Count	0	0	0	0	0	0	0	0	0	0	0	8	

CloudLookupTravelAndProcessTime(Ms) ( Count: 8 Min: 110 Max: 115 Average: 112)
Range	0	10	20	30	40	50	60	70	80	90	100	110	
Count	0	0	0	0	0	0	0	0	0	0	0	8	

CloudLookupTravelTime(Ms) ( Count: 8 Min: 61 Max: 64 Average: 63)
Range	0	10	20	30	40	50	60	
Count	0	0	0	0	0	0	8	

ResponseSendTime(Ms) ( Count: 20 Min: 0 Max: 1 Average: 0)
Range	0	
Count	20	


---------- Global Timing Histograms ----------

TimeRemainingAtReceipt(Ms) ( Count: 1425 Min: 585 Max: 623 Average: 615)
Range	0	10	20	30	40	50	60	70	80	90	100	110	120	130	140	150	160	170	180	190	200	210	220	230	240	250	260	270	280	290	300	310	320	330	340	350	360	370	380	390	400	410	420	430	440	450	460	470	480	490	500	510	520	530	540	550	560	570	580	590	600	610	620	
Count	0	0	0	0	0	0	0	0	0	0	0	0	0	0	0	0	0	0	0	0	0	0	0	0	0	0	0	0	0	0	0	0	0	0	0	0	0	0	0	0	0	0	0	0	0	0	0	0	0	0	0	0	0	0	0	0	0	0	1	5	174	1091	154	

ResponseSendTime(Ms) ( Count: 12041 Min: 0 Max: 1 Average: 0)
Range	0	
Count	12041	

CheckMoveRequestsPerSecond ( Count: 0 Min: 0 Max: 0 Average: 0)

