Transport 1: Run "4-11-20190506121905597" completed. Potential Total: 410, Potential Matched: 41, Potential Timeouts: 0, Actual Total: 41, Actual Moved: 0, Actual Timeouts: 0, Actual Timeouts Inc: 0, Late: 0, Errors: 0

---------- Timing Histograms ----------

NameVariations ( Count: 47 Min: 6 Max: 576 Average: 207)
Range	0	10	20	30	40	50	60	70	80	90	100	110	120	130	140	150	160	170	180	190	200	210	220	230	240	250	260	270	280	290	300	310	320	330	340	350	360	370	380	390	400	410	420	430	440	450	460	470	480	490	500	510	520	530	540	550	560	570	
Count	4	3	0	5	5	2	0	2	0	0	0	0	0	0	1	0	0	0	0	7	0	2	0	0	0	2	0	0	2	0	0	0	0	0	0	0	0	0	1	0	0	0	0	5	0	0	0	0	0	0	0	0	0	0	0	0	0	6	

TotalTimeInSystem(Ms) ( Count: 41 Min: 61 Max: 138 Average: 85)
Range	0	10	20	30	40	50	60	70	80	90	100	110	120	130	
Count	0	0	0	0	0	0	17	7	5	1	2	3	5	1	

TimeRemainingAtReceipt(Ms) ( Count: 41 Min: 609 Max: 618 Average: 615)
Range	0	10	20	30	40	50	60	70	80	90	100	110	120	130	140	150	160	170	180	190	200	210	220	230	240	250	260	270	280	290	300	310	320	330	340	350	360	370	380	390	400	410	420	430	440	450	460	470	480	490	500	510	520	530	540	550	560	570	580	590	600	610	
Count	0	0	0	0	0	0	0	0	0	0	0	0	0	0	0	0	0	0	0	0	0	0	0	0	0	0	0	0	0	0	0	0	0	0	0	0	0	0	0	0	0	0	0	0	0	0	0	0	0	0	0	0	0	0	0	0	0	0	0	0	2	39	

CheckMoveRequestsPerSecond ( Count: 25 Min: 1 Max: 4 Average: 2)
Range	0	
Count	25	

LookupQueryTime(Ms) ( Count: 41 Min: 0 Max: 67 Average: 21)
Range	0	10	20	30	40	50	60	
Count	18	9	3	0	4	3	4	

TotalProcessTime(Ms) ( Count: 41 Min: 61 Max: 138 Average: 85)
Range	0	10	20	30	40	50	60	70	80	90	100	110	120	130	
Count	0	0	0	0	0	0	17	8	4	1	2	3	5	1	

CloudLookupTravelAndProcessTime(Ms) ( Count: 41 Min: 61 Max: 138 Average: 85)
Range	0	10	20	30	40	50	60	70	80	90	100	110	120	130	
Count	0	0	0	0	0	0	17	8	4	1	2	3	5	1	

CloudLookupTravelTime(Ms) ( Count: 41 Min: 60 Max: 85 Average: 64)
Range	0	10	20	30	40	50	60	70	80	
Count	0	0	0	0	0	0	38	0	3	

ResponseSendTime(Ms) ( Count: 451 Min: 0 Max: 1 Average: 0)
Range	0	
Count	451	


---------- Global Timing Histograms ----------

TimeRemainingAtReceipt(Ms) ( Count: 443 Min: 585 Max: 621 Average: 616)
Range	0	10	20	30	40	50	60	70	80	90	100	110	120	130	140	150	160	170	180	190	200	210	220	230	240	250	260	270	280	290	300	310	320	330	340	350	360	370	380	390	400	410	420	430	440	450	460	470	480	490	500	510	520	530	540	550	560	570	580	590	600	610	620	
Count	0	0	0	0	0	0	0	0	0	0	0	0	0	0	0	0	0	0	0	0	0	0	0	0	0	0	0	0	0	0	0	0	0	0	0	0	0	0	0	0	0	0	0	0	0	0	0	0	0	0	0	0	0	0	0	0	0	0	1	2	11	405	24	

ResponseSendTime(Ms) ( Count: 5135 Min: 0 Max: 1 Average: 0)
Range	0	
Count	5135	

CheckMoveRequestsPerSecond ( Count: 0 Min: 0 Max: 0 Average: 0)

