Transport 1: Run "4-11-20190506124457389" completed. Potential Total: 12, Potential Matched: 5, Potential Timeouts: 0, Actual Total: 5, Actual Moved: 0, Actual Timeouts: 0, Actual Timeouts Inc: 0, Late: 0, Errors: 0

---------- Timing Histograms ----------

NameVariations ( Count: 5 Min: 512 Max: 1024 Average: 614)
Range	0	10	20	30	40	50	60	70	80	90	100	110	120	130	140	150	160	170	180	190	200	210	220	230	240	250	260	270	280	290	300	310	320	330	340	350	360	370	380	390	400	410	420	430	440	450	460	470	480	490	500	510	520	530	540	550	560	570	580	590	600	610	620	630	640	650	660	670	680	690	700	710	720	730	740	750	760	770	780	790	800	810	820	830	840	850	860	870	880	890	900	910	920	930	940	950	960	970	980	990	
Count	0	0	0	0	0	0	0	0	0	0	0	0	0	0	0	0	0	0	0	0	0	0	0	0	0	0	0	0	0	0	0	0	0	0	0	0	0	0	0	0	0	0	0	0	0	0	0	0	0	0	0	4	0	0	0	0	0	0	0	0	0	0	0	0	0	0	0	0	0	0	0	0	0	0	0	0	0	0	0	0	0	0	0	0	0	0	0	0	0	0	0	0	0	0	0	0	0	0	0	1	

TotalTimeInSystem(Ms) ( Count: 5 Min: 111 Max: 117 Average: 114)
Range	0	10	20	30	40	50	60	70	80	90	100	110	
Count	0	0	0	0	0	0	0	0	0	0	0	5	

TimeRemainingAtReceipt(Ms) ( Count: 5 Min: 609 Max: 613 Average: 612)
Range	0	10	20	30	40	50	60	70	80	90	100	110	120	130	140	150	160	170	180	190	200	210	220	230	240	250	260	270	280	290	300	310	320	330	340	350	360	370	380	390	400	410	420	430	440	450	460	470	480	490	500	510	520	530	540	550	560	570	580	590	600	610	
Count	0	0	0	0	0	0	0	0	0	0	0	0	0	0	0	0	0	0	0	0	0	0	0	0	0	0	0	0	0	0	0	0	0	0	0	0	0	0	0	0	0	0	0	0	0	0	0	0	0	0	0	0	0	0	0	0	0	0	0	0	1	4	

CheckMoveRequestsPerSecond ( Count: 1 Min: 1 Max: 1 Average: 1)
Range	0	
Count	1	

LookupQueryTime(Ms) ( Count: 5 Min: 49 Max: 55 Average: 52)
Range	0	10	20	30	40	50	
Count	0	0	0	0	2	3	

TotalProcessTime(Ms) ( Count: 5 Min: 111 Max: 117 Average: 114)
Range	0	10	20	30	40	50	60	70	80	90	100	110	
Count	0	0	0	0	0	0	0	0	0	0	0	5	

CloudLookupTravelAndProcessTime(Ms) ( Count: 5 Min: 111 Max: 117 Average: 114)
Range	0	10	20	30	40	50	60	70	80	90	100	110	
Count	0	0	0	0	0	0	0	0	0	0	0	5	

CloudLookupTravelTime(Ms) ( Count: 5 Min: 61 Max: 62 Average: 62)
Range	0	10	20	30	40	50	60	
Count	0	0	0	0	0	0	5	

ResponseSendTime(Ms) ( Count: 17 Min: 0 Max: 1 Average: 0)
Range	0	
Count	17	


---------- Global Timing Histograms ----------

TimeRemainingAtReceipt(Ms) ( Count: 1417 Min: 585 Max: 623 Average: 615)
Range	0	10	20	30	40	50	60	70	80	90	100	110	120	130	140	150	160	170	180	190	200	210	220	230	240	250	260	270	280	290	300	310	320	330	340	350	360	370	380	390	400	410	420	430	440	450	460	470	480	490	500	510	520	530	540	550	560	570	580	590	600	610	620	
Count	0	0	0	0	0	0	0	0	0	0	0	0	0	0	0	0	0	0	0	0	0	0	0	0	0	0	0	0	0	0	0	0	0	0	0	0	0	0	0	0	0	0	0	0	0	0	0	0	0	0	0	0	0	0	0	0	0	0	1	5	170	1087	154	

ResponseSendTime(Ms) ( Count: 12021 Min: 0 Max: 1 Average: 0)
Range	0	
Count	12021	

CheckMoveRequestsPerSecond ( Count: 0 Min: 0 Max: 0 Average: 0)

