Transport 1: Run "4-11-20190503105514357" completed. Potential Total: 2, Potential Matched: 2, Potential Timeouts: 0, Actual Total: 2, Actual Moved: 0, Actual Timeouts: 0, Actual Timeouts Inc: 0, Late: 0, Errors: 0

---------- Timing Histograms ----------

NameVariations ( Count: 3 Min: 4 Max: 16777216 Average: 5592411)
Range	0	10	20	30	40	50	60	70	80	90	100	110	120	130	140	150	160	170	180	190	200	210	220	230	240	250	260	270	280	290	300	310	320	330	340	350	360	370	380	390	400	410	420	430	440	450	460	470	480	490	500	510	520	530	540	550	560	570	580	590	600	610	620	630	640	650	660	670	680	690	700	710	720	730	740	750	760	770	780	790	800	810	820	830	840	850	860	870	880	890	900	910	920	930	940	950	960	970	980	990	
Count	1	1	0	0	0	0	0	0	0	0	0	0	0	0	0	0	0	0	0	0	0	0	0	0	0	0	0	0	0	0	0	0	0	0	0	0	0	0	0	0	0	0	0	0	0	0	0	0	0	0	0	0	0	0	0	0	0	0	0	0	0	0	0	0	0	0	0	0	0	0	0	0	0	0	0	0	0	0	0	0	0	0	0	0	0	0	0	0	0	0	0	0	0	0	0	0	0	0	0	1	

TotalTimeInSystem(Ms) ( Count: 2 Min: 0 Max: 0 Average: 0)
Range	0	
Count	2	

TimeRemainingAtReceipt(Ms) ( Count: 2 Min: 602 Max: 620 Average: 611)
Range	0	10	20	30	40	50	60	70	80	90	100	110	120	130	140	150	160	170	180	190	200	210	220	230	240	250	260	270	280	290	300	310	320	330	340	350	360	370	380	390	400	410	420	430	440	450	460	470	480	490	500	510	520	530	540	550	560	570	580	590	600	610	620	
Count	0	0	0	0	0	0	0	0	0	0	0	0	0	0	0	0	0	0	0	0	0	0	0	0	0	0	0	0	0	0	0	0	0	0	0	0	0	0	0	0	0	0	0	0	0	0	0	0	0	0	0	0	0	0	0	0	0	0	0	0	1	0	1	

CheckMoveRequestsPerSecond ( Count: 2 Min: 1 Max: 2 Average: 2)
Range	0	
Count	2	

LookupQueryTime(Ms) ( Count: 2 Min: 0 Max: 0 Average: 0)
Range	0	
Count	2	

TotalProcessTime(Ms) ( Count: 2 Min: 0 Max: 0 Average: 0)
Range	0	
Count	2	

CloudLookupTravelAndProcessTime(Ms) ( Count: 2 Min: 0 Max: 0 Average: 0)
Range	0	
Count	2	

CloudLookupTravelTime(Ms) ( Count: 2 Min: 0 Max: 0 Average: 0)
Range	0	
Count	2	

ResponseSendTime(Ms) ( Count: 4 Min: 0 Max: 0 Average: 0)
Range	0	
Count	4	


---------- Global Timing Histograms ----------

TimeRemainingAtReceipt(Ms) ( Count: 164 Min: 590 Max: 620 Average: 612)
Range	0	10	20	30	40	50	60	70	80	90	100	110	120	130	140	150	160	170	180	190	200	210	220	230	240	250	260	270	280	290	300	310	320	330	340	350	360	370	380	390	400	410	420	430	440	450	460	470	480	490	500	510	520	530	540	550	560	570	580	590	600	610	620	
Count	0	0	0	0	0	0	0	0	0	0	0	0	0	0	0	0	0	0	0	0	0	0	0	0	0	0	0	0	0	0	0	0	0	0	0	0	0	0	0	0	0	0	0	0	0	0	0	0	0	0	0	0	0	0	0	0	0	0	0	2	40	119	3	

ResponseSendTime(Ms) ( Count: 2954 Min: 0 Max: 1 Average: 0)
Range	0	
Count	2954	

CheckMoveRequestsPerSecond ( Count: 0 Min: 0 Max: 0 Average: 0)

