Transport 1: Run "4-12-20190502105220900" completed. Potential Total: 620, Potential Matched: 82, Potential Timeouts: 0, Actual Total: 82, Actual Moved: 6, Actual Timeouts: 0, Actual Timeouts Inc: 0, Late: 1, Errors: 0

---------- Timing Histograms ----------

NameVariations ( Count: 124 Min: 1 Max: 2147483647 Average: 191400736)
Range	0	10	20	30	40	50	60	70	80	90	100	110	120	130	140	150	160	170	180	190	200	210	220	230	240	250	260	270	280	290	300	310	320	330	340	350	360	370	380	390	400	410	420	430	440	450	460	470	480	490	500	510	520	530	540	550	560	570	580	590	600	610	620	630	640	650	660	670	680	690	700	710	720	730	740	750	760	770	780	790	800	810	820	830	840	850	860	870	880	890	900	910	920	930	940	950	960	970	980	990	
Count	8	10	3	2	4	0	1	3	0	3	2	0	3	0	0	0	0	0	0	5	0	0	0	0	0	1	0	0	2	0	0	0	1	0	0	0	0	0	5	0	0	0	0	11	0	0	0	0	3	0	0	2	0	0	0	0	0	11	0	0	0	0	0	0	0	0	0	0	0	0	0	0	0	0	0	0	0	0	0	0	0	0	0	0	0	0	0	0	0	0	0	0	0	0	0	0	0	0	0	44	

TotalTimeInSystem(Ms) ( Count: 82 Min: 62 Max: 735 Average: 110)
Range	0	10	20	30	40	50	60	70	80	90	100	110	120	130	140	150	160	170	180	190	200	210	220	230	240	250	260	270	280	290	300	310	320	330	340	350	360	370	380	390	400	410	420	430	440	450	460	470	480	490	500	510	520	530	540	550	560	570	580	590	600	610	620	630	640	650	660	670	680	690	700	710	720	730	
Count	0	0	0	0	0	0	18	2	37	7	3	1	2	0	0	0	0	0	2	0	1	4	3	0	0	0	0	0	0	0	0	0	0	0	0	0	0	0	0	0	0	0	0	0	0	0	0	0	1	0	0	0	0	0	0	0	0	0	0	0	0	0	0	0	0	0	0	0	0	0	0	0	0	1	

TimeRemainingAtReceipt(Ms) ( Count: 82 Min: 582 Max: 614 Average: 601)
Range	0	10	20	30	40	50	60	70	80	90	100	110	120	130	140	150	160	170	180	190	200	210	220	230	240	250	260	270	280	290	300	310	320	330	340	350	360	370	380	390	400	410	420	430	440	450	460	470	480	490	500	510	520	530	540	550	560	570	580	590	600	610	
Count	0	0	0	0	0	0	0	0	0	0	0	0	0	0	0	0	0	0	0	0	0	0	0	0	0	0	0	0	0	0	0	0	0	0	0	0	0	0	0	0	0	0	0	0	0	0	0	0	0	0	0	0	0	0	0	0	0	0	6	30	35	11	

CheckMoveRequestsPerSecond ( Count: 40 Min: 1 Max: 4 Average: 2)
Range	0	
Count	40	

LookupQueryTime(Ms) ( Count: 82 Min: 0 Max: 104 Average: 19)
Range	0	10	20	30	40	50	60	70	80	90	100	
Count	20	15	38	7	0	1	0	0	0	0	1	

TotalProcessTime(Ms) ( Count: 82 Min: 62 Max: 735 Average: 110)
Range	0	10	20	30	40	50	60	70	80	90	100	110	120	130	140	150	160	170	180	190	200	210	220	230	240	250	260	270	280	290	300	310	320	330	340	350	360	370	380	390	400	410	420	430	440	450	460	470	480	490	500	510	520	530	540	550	560	570	580	590	600	610	620	630	640	650	660	670	680	690	700	710	720	730	
Count	0	0	0	0	0	0	18	2	37	7	3	1	2	0	0	0	0	0	2	0	1	4	3	0	0	0	0	0	0	0	0	0	0	0	0	0	0	0	0	0	0	0	0	0	0	0	0	0	1	0	0	0	0	0	0	0	0	0	0	0	0	0	0	0	0	0	0	0	0	0	0	0	0	1	

CloudLookupTravelAndProcessTime(Ms) ( Count: 82 Min: 62 Max: 735 Average: 110)
Range	0	10	20	30	40	50	60	70	80	90	100	110	120	130	140	150	160	170	180	190	200	210	220	230	240	250	260	270	280	290	300	310	320	330	340	350	360	370	380	390	400	410	420	430	440	450	460	470	480	490	500	510	520	530	540	550	560	570	580	590	600	610	620	630	640	650	660	670	680	690	700	710	720	730	
Count	0	0	0	0	0	0	18	2	37	7	3	1	2	0	0	0	0	0	2	0	1	4	3	0	0	0	0	0	0	0	0	0	0	0	0	0	0	0	0	0	0	0	0	0	0	0	0	0	1	0	0	0	0	0	0	0	0	0	0	0	0	0	0	0	0	0	0	0	0	0	0	0	0	1	

CloudLookupTravelTime(Ms) ( Count: 82 Min: 62 Max: 631 Average: 91)
Range	0	10	20	30	40	50	60	70	80	90	100	110	120	130	140	150	160	170	180	190	200	210	220	230	240	250	260	270	280	290	300	310	320	330	340	350	360	370	380	390	400	410	420	430	440	450	460	470	480	490	500	510	520	530	540	550	560	570	580	590	600	610	620	630	
Count	0	0	0	0	0	0	68	0	1	0	0	0	1	0	0	0	1	1	2	6	0	0	0	0	0	0	0	0	0	0	0	0	0	0	0	0	0	0	0	0	0	0	0	0	0	0	1	0	0	0	0	0	0	0	0	0	0	0	0	0	0	0	0	1	

ResponseSendTime(Ms) ( Count: 702 Min: 0 Max: 1 Average: 0)
Range	0	
Count	702	


---------- Global Timing Histograms ----------

TimeRemainingAtReceipt(Ms) ( Count: 1749 Min: 567 Max: 615 Average: 604)
Range	0	10	20	30	40	50	60	70	80	90	100	110	120	130	140	150	160	170	180	190	200	210	220	230	240	250	260	270	280	290	300	310	320	330	340	350	360	370	380	390	400	410	420	430	440	450	460	470	480	490	500	510	520	530	540	550	560	570	580	590	600	610	
Count	0	0	0	0	0	0	0	0	0	0	0	0	0	0	0	0	0	0	0	0	0	0	0	0	0	0	0	0	0	0	0	0	0	0	0	0	0	0	0	0	0	0	0	0	0	0	0	0	0	0	0	0	0	0	0	0	1	2	58	325	1023	340	

ResponseSendTime(Ms) ( Count: 14479 Min: 0 Max: 1 Average: 0)
Range	0	
Count	14479	

CheckMoveRequestsPerSecond ( Count: 0 Min: 0 Max: 0 Average: 0)

