Transport 1: Run "4-12-20190503061810251" completed. Potential Total: 63, Potential Matched: 9, Potential Timeouts: 0, Actual Total: 9, Actual Moved: 1, Actual Timeouts: 0, Actual Timeouts Inc: 0, Late: 0, Errors: 0

---------- Timing Histograms ----------

NameVariations ( Count: 10 Min: 8 Max: 1073741824 Average: 107374480)
Range	0	10	20	30	40	50	60	70	80	90	100	110	120	130	140	150	160	170	180	190	200	210	220	230	240	250	260	270	280	290	300	310	320	330	340	350	360	370	380	390	400	410	420	430	440	450	460	470	480	490	500	510	520	530	540	550	560	570	580	590	600	610	620	630	640	650	660	670	680	690	700	710	720	730	740	750	760	770	780	790	800	810	820	830	840	850	860	870	880	890	900	910	920	930	940	950	960	970	980	990	
Count	1	1	0	1	0	0	0	0	0	0	0	0	0	0	0	0	0	0	0	0	0	0	0	0	0	1	0	0	0	0	0	0	0	0	0	0	0	0	0	0	0	0	0	1	0	0	0	0	1	0	0	1	0	0	0	0	0	2	0	0	0	0	0	0	0	0	0	0	0	0	0	0	0	0	0	0	0	0	0	0	0	0	0	0	0	0	0	0	0	0	0	0	0	0	0	0	0	0	0	1	

TotalTimeInSystem(Ms) ( Count: 9 Min: 63 Max: 521 Average: 133)
Range	0	10	20	30	40	50	60	70	80	90	100	110	120	130	140	150	160	170	180	190	200	210	220	230	240	250	260	270	280	290	300	310	320	330	340	350	360	370	380	390	400	410	420	430	440	450	460	470	480	490	500	510	520	
Count	0	0	0	0	0	0	1	1	5	0	0	1	0	0	0	0	0	0	0	0	0	0	0	0	0	0	0	0	0	0	0	0	0	0	0	0	0	0	0	0	0	0	0	0	0	0	0	0	0	0	0	0	1	

TimeRemainingAtReceipt(Ms) ( Count: 9 Min: 597 Max: 611 Average: 606)
Range	0	10	20	30	40	50	60	70	80	90	100	110	120	130	140	150	160	170	180	190	200	210	220	230	240	250	260	270	280	290	300	310	320	330	340	350	360	370	380	390	400	410	420	430	440	450	460	470	480	490	500	510	520	530	540	550	560	570	580	590	600	610	
Count	0	0	0	0	0	0	0	0	0	0	0	0	0	0	0	0	0	0	0	0	0	0	0	0	0	0	0	0	0	0	0	0	0	0	0	0	0	0	0	0	0	0	0	0	0	0	0	0	0	0	0	0	0	0	0	0	0	0	0	1	6	2	

CheckMoveRequestsPerSecond ( Count: 5 Min: 1 Max: 4 Average: 2)
Range	0	
Count	5	

LookupQueryTime(Ms) ( Count: 9 Min: 0 Max: 45 Average: 18)
Range	0	10	20	30	40	
Count	3	1	4	0	1	

TotalProcessTime(Ms) ( Count: 9 Min: 63 Max: 521 Average: 133)
Range	0	10	20	30	40	50	60	70	80	90	100	110	120	130	140	150	160	170	180	190	200	210	220	230	240	250	260	270	280	290	300	310	320	330	340	350	360	370	380	390	400	410	420	430	440	450	460	470	480	490	500	510	520	
Count	0	0	0	0	0	0	1	1	5	0	0	1	0	0	0	0	0	0	0	0	0	0	0	0	0	0	0	0	0	0	0	0	0	0	0	0	0	0	0	0	0	0	0	0	0	0	0	0	0	0	0	0	1	

CloudLookupTravelAndProcessTime(Ms) ( Count: 9 Min: 63 Max: 521 Average: 133)
Range	0	10	20	30	40	50	60	70	80	90	100	110	120	130	140	150	160	170	180	190	200	210	220	230	240	250	260	270	280	290	300	310	320	330	340	350	360	370	380	390	400	410	420	430	440	450	460	470	480	490	500	510	520	
Count	0	0	0	0	0	0	1	1	5	0	0	1	0	0	0	0	0	0	0	0	0	0	0	0	0	0	0	0	0	0	0	0	0	0	0	0	0	0	0	0	0	0	0	0	0	0	0	0	0	0	0	0	1	

CloudLookupTravelTime(Ms) ( Count: 9 Min: 62 Max: 520 Average: 115)
Range	0	10	20	30	40	50	60	70	80	90	100	110	120	130	140	150	160	170	180	190	200	210	220	230	240	250	260	270	280	290	300	310	320	330	340	350	360	370	380	390	400	410	420	430	440	450	460	470	480	490	500	510	520	
Count	0	0	0	0	0	0	8	0	0	0	0	0	0	0	0	0	0	0	0	0	0	0	0	0	0	0	0	0	0	0	0	0	0	0	0	0	0	0	0	0	0	0	0	0	0	0	0	0	0	0	0	0	1	

ResponseSendTime(Ms) ( Count: 72 Min: 0 Max: 0 Average: 0)
Range	0	
Count	72	


---------- Global Timing Histograms ----------

TimeRemainingAtReceipt(Ms) ( Count: 1962 Min: 567 Max: 615 Average: 604)
Range	0	10	20	30	40	50	60	70	80	90	100	110	120	130	140	150	160	170	180	190	200	210	220	230	240	250	260	270	280	290	300	310	320	330	340	350	360	370	380	390	400	410	420	430	440	450	460	470	480	490	500	510	520	530	540	550	560	570	580	590	600	610	
Count	0	0	0	0	0	0	0	0	0	0	0	0	0	0	0	0	0	0	0	0	0	0	0	0	0	0	0	0	0	0	0	0	0	0	0	0	0	0	0	0	0	0	0	0	0	0	0	0	0	0	0	0	0	0	0	0	1	4	68	402	1102	385	

ResponseSendTime(Ms) ( Count: 16505 Min: 0 Max: 1 Average: 0)
Range	0	
Count	16505	

CheckMoveRequestsPerSecond ( Count: 0 Min: 0 Max: 0 Average: 0)

