Transport 1: Run "4-12-20190502102507787" completed. Potential Total: 615, Potential Matched: 42, Potential Timeouts: 0, Actual Total: 42, Actual Moved: 2, Actual Timeouts: 0, Actual Timeouts Inc: 0, Late: 0, Errors: 0

---------- Timing Histograms ----------

NameVariations ( Count: 69 Min: 4 Max: 2147483647 Average: 72766856)
Range	0	10	20	30	40	50	60	70	80	90	100	110	120	130	140	150	160	170	180	190	200	210	220	230	240	250	260	270	280	290	300	310	320	330	340	350	360	370	380	390	400	410	420	430	440	450	460	470	480	490	500	510	520	530	540	550	560	570	580	590	600	610	620	630	640	650	660	670	680	690	700	710	720	730	740	750	760	770	780	790	800	810	820	830	840	850	860	870	880	890	900	910	920	930	940	950	960	970	980	990	
Count	3	3	1	6	1	1	2	0	0	2	0	0	0	0	0	0	0	0	0	1	0	0	0	0	0	1	0	0	1	0	0	0	1	0	0	0	0	0	5	0	0	0	0	3	0	0	0	0	1	0	0	4	0	0	0	0	0	7	0	0	0	0	0	0	0	0	0	0	0	0	0	0	0	0	0	0	0	0	0	0	0	0	0	0	0	0	0	0	0	0	0	0	0	0	0	0	0	0	0	26	

TotalTimeInSystem(Ms) ( Count: 42 Min: 63 Max: 222 Average: 86)
Range	0	10	20	30	40	50	60	70	80	90	100	110	120	130	140	150	160	170	180	190	200	210	220	
Count	0	0	0	0	0	0	6	7	24	3	0	0	0	0	0	0	0	0	0	0	1	0	1	

TimeRemainingAtReceipt(Ms) ( Count: 42 Min: 581 Max: 612 Average: 601)
Range	0	10	20	30	40	50	60	70	80	90	100	110	120	130	140	150	160	170	180	190	200	210	220	230	240	250	260	270	280	290	300	310	320	330	340	350	360	370	380	390	400	410	420	430	440	450	460	470	480	490	500	510	520	530	540	550	560	570	580	590	600	610	
Count	0	0	0	0	0	0	0	0	0	0	0	0	0	0	0	0	0	0	0	0	0	0	0	0	0	0	0	0	0	0	0	0	0	0	0	0	0	0	0	0	0	0	0	0	0	0	0	0	0	0	0	0	0	0	0	0	0	0	3	12	17	10	

CheckMoveRequestsPerSecond ( Count: 23 Min: 1 Max: 5 Average: 2)
Range	0	5	
Count	22	1	

LookupQueryTime(Ms) ( Count: 42 Min: 0 Max: 34 Average: 16)
Range	0	10	20	30	
Count	8	18	14	2	

TotalProcessTime(Ms) ( Count: 42 Min: 63 Max: 222 Average: 86)
Range	0	10	20	30	40	50	60	70	80	90	100	110	120	130	140	150	160	170	180	190	200	210	220	
Count	0	0	0	0	0	0	6	7	24	3	0	0	0	0	0	0	0	0	0	0	1	0	1	

CloudLookupTravelAndProcessTime(Ms) ( Count: 42 Min: 63 Max: 222 Average: 86)
Range	0	10	20	30	40	50	60	70	80	90	100	110	120	130	140	150	160	170	180	190	200	210	220	
Count	0	0	0	0	0	0	6	7	24	3	0	0	0	0	0	0	0	0	0	0	1	0	1	

CloudLookupTravelTime(Ms) ( Count: 42 Min: 62 Max: 199 Average: 70)
Range	0	10	20	30	40	50	60	70	80	90	100	110	120	130	140	150	160	170	180	190	
Count	0	0	0	0	0	0	39	1	0	0	0	0	0	0	0	0	0	0	0	2	

ResponseSendTime(Ms) ( Count: 657 Min: 0 Max: 1 Average: 0)
Range	0	
Count	657	


---------- Global Timing Histograms ----------

TimeRemainingAtReceipt(Ms) ( Count: 1538 Min: 567 Max: 615 Average: 604)
Range	0	10	20	30	40	50	60	70	80	90	100	110	120	130	140	150	160	170	180	190	200	210	220	230	240	250	260	270	280	290	300	310	320	330	340	350	360	370	380	390	400	410	420	430	440	450	460	470	480	490	500	510	520	530	540	550	560	570	580	590	600	610	
Count	0	0	0	0	0	0	0	0	0	0	0	0	0	0	0	0	0	0	0	0	0	0	0	0	0	0	0	0	0	0	0	0	0	0	0	0	0	0	0	0	0	0	0	0	0	0	0	0	0	0	0	0	0	0	0	0	1	2	42	246	942	305	

ResponseSendTime(Ms) ( Count: 12421 Min: 0 Max: 1 Average: 0)
Range	0	
Count	12421	

CheckMoveRequestsPerSecond ( Count: 0 Min: 0 Max: 0 Average: 0)

