Transport 1: Run "5-6-20190419135341538" completed. Potential Total: 23337, Potential Matched: 3809, Potential Timeouts: 0, Actual Total: 3809, Actual Moved: 170, Actual Timeouts: 0, Actual Timeouts Inc: 0, Late: 160, Errors: 0

---------- Timing Histograms ----------

NameVariations ( Count: 7610 Min: 1 Max: 67108864 Average: 237030)
Range	0	10	20	30	40	50	60	70	80	90	100	110	120	130	140	150	160	170	180	190	200	210	220	230	240	250	260	270	280	290	300	310	320	330	340	350	360	370	380	390	400	410	420	430	440	450	460	470	480	490	500	510	520	530	540	550	560	570	580	590	600	610	620	630	640	650	660	670	680	690	700	710	720	730	740	750	760	770	780	790	800	810	820	830	840	850	860	870	880	890	900	910	920	930	940	950	960	970	980	990	
Count	993	615	351	317	255	56	106	172	9	207	82	0	67	0	155	0	14	0	0	106	0	76	0	0	2	34	0	0	113	0	0	0	32	0	0	0	0	0	98	0	0	0	0	169	0	0	0	0	21	0	0	31	0	0	0	0	0	226	0	0	0	0	0	0	0	0	0	0	0	0	0	0	0	0	0	0	0	0	0	0	0	0	0	0	0	0	0	0	0	0	0	0	0	0	0	0	0	0	0	3303	

TotalTimeInSystem(Ms) ( Count: 3809 Min: 42 Max: 30001 Average: 277)
Range	0	10	20	30	40	50	60	70	80	90	100	110	120	130	140	150	160	170	180	190	200	210	220	230	240	250	260	270	280	290	300	310	320	330	340	350	360	370	380	390	400	410	420	430	440	450	460	470	480	490	500	510	520	530	540	550	560	570	580	590	600	610	620	630	640	650	660	670	680	690	700	710	720	730	740	750	760	770	780	790	800	810	820	830	840	850	860	870	880	890	900	910	920	930	940	950	960	970	980	990	1000	1010	1020	1030	1040	1050	1060	1070	1080	1090	1100	1110	1120	1130	1140	1150	1160	1170	1180	1190	1200	1210	1220	1230	1240	1250	1260	1270	1280	1290	1300	1310	1320	1330	1340	1350	1360	1370	1380	1390	1400	1410	1420	1430	1440	1450	1460	1470	1480	1490	1500	1510	1520	1530	1540	1550	1560	1570	1580	1590	1600	1610	1620	1630	1640	1650	1660	1670	1680	1690	1700	1710	1720	1730	1740	1750	1760	1770	1780	1790	1800	1810	1820	1830	1840	1850	1860	1870	1880	1890	1900	1910	1920	1930	1940	1950	1960	1970	1980	1990	2000	2010	2020	2030	2040	2050	2060	2070	2080	2090	2100	2110	2120	2130	2140	2150	2160	2170	2180	2190	2200	2210	2220	2230	2240	2250	2260	2270	2280	2290	2300	2310	2320	2330	2340	2350	2360	2370	2380	2390	2400	2410	2420	2430	2440	2450	2460	2470	2480	2490	
Count	0	0	0	0	320	1071	1049	567	165	60	38	16	11	11	6	12	10	10	13	34	66	67	40	15	7	4	5	3	0	3	0	6	2	1	1	2	2	2	3	2	2	0	1	2	0	3	4	4	3	1	2	1	2	1	0	3	0	1	1	7	2	4	1	5	2	1	2	0	2	2	1	2	2	2	0	1	1	0	2	2	2	1	1	0	0	1	2	1	1	1	1	1	3	0	1	1	2	2	1	3	2	1	0	1	1	0	0	2	0	0	0	0	1	0	0	0	0	0	1	1	0	0	0	0	1	0	2	3	0	1	0	1	1	0	0	0	0	0	0	1	1	1	0	0	1	0	0	1	1	1	0	1	0	0	2	0	1	0	2	1	0	1	0	0	1	1	1	0	0	1	0	1	1	1	1	0	1	0	0	1	1	0	2	0	1	0	1	0	0	3	0	1	0	0	0	1	0	0	0	0	0	1	0	1	0	0	0	1	0	1	0	2	0	0	0	1	0	0	0	0	0	0	1	0	0	0	0	0	0	0	0	0	1	0	0	0	0	0	0	0	0	0	0	0	0	0	0	0	0	25	

TimeRemainingAtReceipt(Ms) ( Count: 3819 Min: 363 Max: 567 Average: 534)
Range	0	10	20	30	40	50	60	70	80	90	100	110	120	130	140	150	160	170	180	190	200	210	220	230	240	250	260	270	280	290	300	310	320	330	340	350	360	370	380	390	400	410	420	430	440	450	460	470	480	490	500	510	520	530	540	550	560	
Count	0	0	0	0	0	0	0	0	0	0	0	0	0	0	0	0	0	0	0	0	0	0	0	0	0	0	0	0	0	0	0	0	0	0	0	0	1	0	0	1	0	1	2	0	5	6	0	10	20	0	112	341	350	2228	0	736	6	

CheckMoveRequestsPerSecond ( Count: 1661 Min: 1 Max: 7 Average: 2)
Range	0	5	
Count	1609	52	

LookupQueryTime(Ms) ( Count: 3784 Min: 0 Max: 504 Average: 21)
Range	0	10	20	30	40	50	60	70	80	90	100	110	120	130	140	150	160	170	180	190	200	210	220	230	240	250	260	270	280	290	300	310	320	330	340	350	360	370	380	390	400	410	420	430	440	450	460	470	480	490	500	
Count	434	1596	1149	394	102	47	25	9	6	3	3	4	1	0	2	0	1	2	0	1	1	0	0	0	0	0	0	0	0	0	0	0	0	0	0	1	0	0	0	0	1	0	0	1	0	0	0	0	0	0	1	

TotalProcessTime(Ms) ( Count: 3809 Min: 42 Max: 30001 Average: 277)
Range	0	10	20	30	40	50	60	70	80	90	100	110	120	130	140	150	160	170	180	190	200	210	220	230	240	250	260	270	280	290	300	310	320	330	340	350	360	370	380	390	400	410	420	430	440	450	460	470	480	490	500	510	520	530	540	550	560	570	580	590	600	610	620	630	640	650	660	670	680	690	700	710	720	730	740	750	760	770	780	790	800	810	820	830	840	850	860	870	880	890	900	910	920	930	940	950	960	970	980	990	1000	1010	1020	1030	1040	1050	1060	1070	1080	1090	1100	1110	1120	1130	1140	1150	1160	1170	1180	1190	1200	1210	1220	1230	1240	1250	1260	1270	1280	1290	1300	1310	1320	1330	1340	1350	1360	1370	1380	1390	1400	1410	1420	1430	1440	1450	1460	1470	1480	1490	1500	1510	1520	1530	1540	1550	1560	1570	1580	1590	1600	1610	1620	1630	1640	1650	1660	1670	1680	1690	1700	1710	1720	1730	1740	1750	1760	1770	1780	1790	1800	1810	1820	1830	1840	1850	1860	1870	1880	1890	1900	1910	1920	1930	1940	1950	1960	1970	1980	1990	2000	2010	2020	2030	2040	2050	2060	2070	2080	2090	2100	2110	2120	2130	2140	2150	2160	2170	2180	2190	2200	2210	2220	2230	2240	2250	2260	2270	2280	2290	2300	2310	2320	2330	2340	2350	2360	2370	2380	2390	2400	2410	2420	2430	2440	2450	2460	2470	2480	2490	
Count	0	0	0	0	320	1078	1048	566	161	59	38	17	10	11	6	12	10	10	13	34	66	67	40	15	7	4	5	3	0	3	0	6	2	1	1	2	2	2	3	2	2	0	1	2	0	3	4	4	3	1	2	1	2	1	0	3	0	1	1	7	2	4	1	5	2	1	2	0	2	2	1	2	2	2	0	1	1	0	2	2	2	1	1	0	0	1	2	1	1	1	1	1	3	0	1	1	2	2	1	3	2	1	0	1	1	0	0	2	0	0	0	0	1	0	0	0	0	0	1	1	0	0	0	0	1	0	2	3	0	1	0	1	1	0	0	0	0	0	0	1	1	1	0	0	1	0	0	1	1	1	0	1	0	0	2	0	1	0	2	1	0	1	0	0	1	1	1	0	0	1	0	1	1	1	1	0	1	0	0	1	1	0	2	0	1	0	1	0	0	3	0	1	0	0	0	1	0	0	0	0	0	1	0	1	0	0	0	1	0	1	0	2	0	0	0	1	0	0	0	0	0	0	1	0	0	0	0	0	0	0	0	0	1	0	0	0	0	0	0	0	0	0	0	0	0	0	0	0	0	25	

CloudLookupTravelAndProcessTime(Ms) ( Count: 3809 Min: 42 Max: 30000 Average: 276)
Range	0	10	20	30	40	50	60	70	80	90	100	110	120	130	140	150	160	170	180	190	200	210	220	230	240	250	260	270	280	290	300	310	320	330	340	350	360	370	380	390	400	410	420	430	440	450	460	470	480	490	500	510	520	530	540	550	560	570	580	590	600	610	620	630	640	650	660	670	680	690	700	710	720	730	740	750	760	770	780	790	800	810	820	830	840	850	860	870	880	890	900	910	920	930	940	950	960	970	980	990	1000	1010	1020	1030	1040	1050	1060	1070	1080	1090	1100	1110	1120	1130	1140	1150	1160	1170	1180	1190	1200	1210	1220	1230	1240	1250	1260	1270	1280	1290	1300	1310	1320	1330	1340	1350	1360	1370	1380	1390	1400	1410	1420	1430	1440	1450	1460	1470	1480	1490	1500	1510	1520	1530	1540	1550	1560	1570	1580	1590	1600	1610	1620	1630	1640	1650	1660	1670	1680	1690	1700	1710	1720	1730	1740	1750	1760	1770	1780	1790	1800	1810	1820	1830	1840	1850	1860	1870	1880	1890	1900	1910	1920	1930	1940	1950	1960	1970	1980	1990	2000	2010	2020	2030	2040	2050	2060	2070	2080	2090	2100	2110	2120	2130	2140	2150	2160	2170	2180	2190	2200	2210	2220	2230	2240	2250	2260	2270	2280	2290	2300	2310	2320	2330	2340	2350	2360	2370	2380	2390	2400	2410	2420	2430	2440	2450	2460	2470	2480	2490	
Count	0	0	0	0	338	1200	1005	500	139	57	33	16	10	10	7	15	8	9	15	34	75	59	40	12	6	7	2	3	0	3	0	6	2	1	2	1	2	2	3	2	2	0	1	2	1	2	4	5	3	0	2	1	2	1	0	3	0	1	1	7	4	2	1	5	2	2	1	0	2	2	2	1	2	2	0	2	0	1	1	2	2	1	1	0	0	1	3	1	0	1	1	2	2	1	0	1	3	1	1	3	2	1	0	1	1	0	0	2	0	0	0	0	1	0	0	0	0	0	1	1	0	0	0	0	1	0	3	2	0	1	0	1	1	0	0	0	0	0	1	0	2	0	0	0	1	0	0	1	1	1	1	0	0	0	2	0	1	0	2	1	0	1	0	0	1	1	1	0	0	1	0	1	1	1	1	0	1	0	1	0	1	0	2	0	1	0	1	0	0	3	0	1	0	0	0	1	0	0	0	0	1	0	0	1	0	0	0	1	0	1	0	2	0	0	0	1	0	0	0	0	0	0	1	0	0	0	0	0	0	0	0	0	1	0	0	0	0	0	0	0	0	0	0	0	0	0	0	0	0	25	

CloudLookupTravelTime(Ms) ( Count: 3784 Min: 40 Max: 21818 Average: 112)
Range	0	10	20	30	40	50	60	70	80	90	100	110	120	130	140	150	160	170	180	190	200	210	220	230	240	250	260	270	280	290	300	310	320	330	340	350	360	370	380	390	400	410	420	430	440	450	460	470	480	490	500	510	520	530	540	550	560	570	580	590	600	610	620	630	640	650	660	670	680	690	700	710	720	730	740	750	760	770	780	790	800	810	820	830	840	850	860	870	880	890	900	910	920	930	940	950	960	970	980	990	1000	1010	1020	1030	1040	1050	1060	1070	1080	1090	1100	1110	1120	1130	1140	1150	1160	1170	1180	1190	1200	1210	1220	1230	1240	1250	1260	1270	1280	1290	1300	1310	1320	1330	1340	1350	1360	1370	1380	1390	1400	1410	1420	1430	1440	1450	1460	1470	1480	1490	1500	1510	1520	1530	1540	1550	1560	1570	1580	1590	1600	1610	1620	1630	1640	1650	1660	1670	1680	1690	1700	1710	1720	1730	1740	1750	1760	1770	1780	1790	1800	1810	1820	1830	1840	1850	1860	1870	1880	1890	1900	1910	1920	1930	1940	1950	1960	1970	1980	1990	2000	2010	2020	2030	2040	2050	2060	2070	2080	2090	2100	2110	2120	2130	2140	2150	2160	2170	2180	2190	2200	2210	2220	2230	2240	2250	2260	2270	2280	2290	2300	2310	2320	2330	2340	2350	2360	2370	2380	2390	2400	2410	2420	2430	2440	2450	2460	2470	2480	2490	
Count	0	0	0	0	3090	86	52	33	15	16	6	13	9	13	12	9	9	25	34	157	9	6	4	4	0	0	1	0	5	2	6	0	1	3	2	1	4	1	1	3	1	3	1	6	2	0	0	3	2	0	2	1	3	2	1	3	1	2	2	2	6	0	3	1	0	5	1	2	1	1	0	0	1	2	0	1	2	3	0	0	1	1	1	1	0	2	2	1	0	1	1	0	1	4	1	1	0	3	0	1	1	1	0	0	0	1	0	0	1	0	0	0	2	1	0	0	0	0	0	0	0	0	3	0	2	2	1	0	1	0	1	0	0	1	0	0	0	0	0	1	0	0	0	0	0	2	1	3	0	1	0	1	0	0	0	0	0	2	2	0	1	0	0	2	0	0	0	0	2	0	1	2	0	1	0	0	0	1	0	1	1	0	1	2	1	0	1	0	1	0	0	0	0	0	0	0	0	0	1	0	0	1	0	0	0	1	1	0	2	0	0	0	0	1	0	0	0	0	0	0	1	0	0	0	0	0	0	0	0	0	0	0	0	0	0	0	0	0	0	0	0	0	0	0	0	0	0	0	0	7	

ResponseSendTime(Ms) ( Count: 27144 Min: 0 Max: 17 Average: 1)
Range	0	10	
Count	27121	23	


---------- Global Timing Histograms ----------

TimeRemainingAtReceipt(Ms) ( Count: 12938 Min: 144 Max: 567 Average: 532)
Range	0	10	20	30	40	50	60	70	80	90	100	110	120	130	140	150	160	170	180	190	200	210	220	230	240	250	260	270	280	290	300	310	320	330	340	350	360	370	380	390	400	410	420	430	440	450	460	470	480	490	500	510	520	530	540	550	560	
Count	0	0	0	0	0	0	0	0	0	0	0	0	0	0	1	0	0	0	0	0	0	0	0	0	0	1	1	0	0	0	0	2	0	0	2	0	3	4	0	6	0	5	6	0	14	35	0	68	153	0	515	1279	1375	7037	0	2397	34	

ResponseSendTime(Ms) ( Count: 89168 Min: 0 Max: 17 Average: 1)
Range	0	10	
Count	89144	24	

CheckMoveRequestsPerSecond ( Count: 0 Min: 0 Max: 0 Average: 0)

Transport 1: Run "5-6-20190419135341538" completed. Potential Total: 23337, Potential Matched: 3809, Potential Timeouts: 0, Actual Total: 3809, Actual Moved: 170, Actual Timeouts: 0, Actual Timeouts Inc: 0, Late: 160, Errors: 0

---------- Timing Histograms ----------

NameVariations ( Count: 0 Min: 0 Max: 0 Average: 0)

TotalTimeInSystem(Ms) ( Count: 0 Min: 0 Max: 0 Average: 0)

TimeRemainingAtReceipt(Ms) ( Count: 0 Min: 0 Max: 0 Average: 0)

CheckMoveRequestsPerSecond ( Count: 0 Min: 0 Max: 0 Average: 0)

LookupQueryTime(Ms) ( Count: 0 Min: 0 Max: 0 Average: 0)

TotalProcessTime(Ms) ( Count: 0 Min: 0 Max: 0 Average: 0)

CloudLookupTravelAndProcessTime(Ms) ( Count: 0 Min: 0 Max: 0 Average: 0)

CloudLookupTravelTime(Ms) ( Count: 0 Min: 0 Max: 0 Average: 0)

ResponseSendTime(Ms) ( Count: 0 Min: 0 Max: 0 Average: 0)


---------- Global Timing Histograms ----------

TimeRemainingAtReceipt(Ms) ( Count: 12938 Min: 144 Max: 567 Average: 532)
Range	0	10	20	30	40	50	60	70	80	90	100	110	120	130	140	150	160	170	180	190	200	210	220	230	240	250	260	270	280	290	300	310	320	330	340	350	360	370	380	390	400	410	420	430	440	450	460	470	480	490	500	510	520	530	540	550	560	
Count	0	0	0	0	0	0	0	0	0	0	0	0	0	0	1	0	0	0	0	0	0	0	0	0	0	1	1	0	0	0	0	2	0	0	2	0	3	4	0	6	0	5	6	0	14	35	0	68	153	0	515	1279	1375	7037	0	2397	34	

ResponseSendTime(Ms) ( Count: 89168 Min: 0 Max: 17 Average: 1)
Range	0	10	
Count	89144	24	

CheckMoveRequestsPerSecond ( Count: 0 Min: 0 Max: 0 Average: 0)

