Transport 1: Run "5-6-20190419121934719" completed. Potential Total: 23949, Potential Matched: 3856, Potential Timeouts: 0, Actual Total: 3856, Actual Moved: 103, Actual Timeouts: 0, Actual Timeouts Inc: 0, Late: 172, Errors: 0

---------- Timing Histograms ----------

NameVariations ( Count: 7694 Min: 1 Max: 67108864 Average: 208598)
Range	0	10	20	30	40	50	60	70	80	90	100	110	120	130	140	150	160	170	180	190	200	210	220	230	240	250	260	270	280	290	300	310	320	330	340	350	360	370	380	390	400	410	420	430	440	450	460	470	480	490	500	510	520	530	540	550	560	570	580	590	600	610	620	630	640	650	660	670	680	690	700	710	720	730	740	750	760	770	780	790	800	810	820	830	840	850	860	870	880	890	900	910	920	930	940	950	960	970	980	990	
Count	1046	649	335	344	238	48	97	181	6	181	60	0	78	0	156	0	23	0	0	133	0	78	0	0	2	29	0	0	117	0	0	0	42	0	0	0	0	0	108	0	0	0	0	184	0	0	0	0	16	0	0	47	0	0	0	0	0	244	0	0	0	0	0	0	0	0	0	0	0	0	0	0	0	0	0	0	0	0	0	0	0	0	0	0	0	0	0	0	0	0	0	0	0	0	0	0	0	0	0	3252	

TotalTimeInSystem(Ms) ( Count: 3856 Min: 41 Max: 30001 Average: 281)
Range	0	10	20	30	40	50	60	70	80	90	100	110	120	130	140	150	160	170	180	190	200	210	220	230	240	250	260	270	280	290	300	310	320	330	340	350	360	370	380	390	400	410	420	430	440	450	460	470	480	490	500	510	520	530	540	550	560	570	580	590	600	610	620	630	640	650	660	670	680	690	700	710	720	730	740	750	760	770	780	790	800	810	820	830	840	850	860	870	880	890	900	910	920	930	940	950	960	970	980	990	1000	1010	1020	1030	1040	1050	1060	1070	1080	1090	1100	1110	1120	1130	1140	1150	1160	1170	1180	1190	1200	1210	1220	1230	1240	1250	1260	1270	1280	1290	1300	1310	1320	1330	1340	1350	1360	1370	1380	1390	1400	1410	1420	1430	1440	1450	1460	1470	1480	1490	1500	1510	1520	1530	1540	1550	1560	1570	1580	1590	1600	1610	1620	1630	1640	1650	1660	1670	1680	1690	1700	1710	1720	1730	1740	1750	1760	1770	1780	1790	1800	1810	1820	1830	1840	1850	1860	1870	1880	1890	1900	1910	1920	1930	1940	1950	1960	1970	1980	1990	2000	2010	2020	2030	2040	2050	2060	2070	2080	2090	2100	2110	2120	2130	2140	2150	2160	2170	2180	2190	2200	2210	2220	2230	2240	2250	2260	2270	2280	2290	2300	2310	2320	2330	2340	2350	2360	2370	2380	2390	2400	2410	2420	2430	2440	2450	2460	2470	2480	2490	
Count	0	0	0	0	313	934	1032	682	232	80	26	20	13	11	10	13	9	10	19	36	99	46	31	5	4	4	2	2	2	2	3	2	1	1	4	1	3	4	2	0	3	3	0	3	3	3	4	1	2	1	1	3	1	3	3	1	2	1	2	2	3	5	2	1	0	1	2	1	2	3	3	0	0	3	0	3	1	2	2	0	5	1	3	1	1	0	1	1	0	1	2	1	2	0	1	2	1	0	0	3	0	0	0	1	0	0	2	3	1	0	0	1	0	1	3	0	0	2	0	1	2	0	0	0	2	0	0	1	0	1	0	1	0	1	1	0	0	1	1	0	1	0	1	1	0	0	0	1	1	0	1	0	1	0	0	2	1	1	0	0	1	1	1	0	0	0	1	1	0	1	0	1	0	0	0	0	0	0	0	0	0	0	1	0	0	0	0	0	0	2	1	1	0	1	0	0	1	1	0	0	0	0	0	0	1	0	0	0	0	1	0	0	0	0	0	0	1	0	0	0	0	0	0	0	1	0	0	0	0	0	0	0	0	0	0	0	0	1	0	0	0	0	0	0	0	0	0	0	0	39	

TimeRemainingAtReceipt(Ms) ( Count: 3865 Min: 254 Max: 567 Average: 532)
Range	0	10	20	30	40	50	60	70	80	90	100	110	120	130	140	150	160	170	180	190	200	210	220	230	240	250	260	270	280	290	300	310	320	330	340	350	360	370	380	390	400	410	420	430	440	450	460	470	480	490	500	510	520	530	540	550	560	
Count	0	0	0	0	0	0	0	0	0	0	0	0	0	0	0	0	0	0	0	0	0	0	0	0	0	1	0	0	0	0	0	0	0	0	0	0	1	1	0	1	0	1	3	0	3	7	0	17	36	0	140	391	415	2181	0	662	5	

CheckMoveRequestsPerSecond ( Count: 1717 Min: 1 Max: 7 Average: 2)
Range	0	5	
Count	1651	66	

LookupQueryTime(Ms) ( Count: 3829 Min: 0 Max: 505 Average: 23)
Range	0	10	20	30	40	50	60	70	80	90	100	110	120	130	140	150	160	170	180	190	200	210	220	230	240	250	260	270	280	290	300	310	320	330	340	350	360	370	380	390	400	410	420	430	440	450	460	470	480	490	500	
Count	440	1636	1092	453	93	31	16	14	8	5	4	5	6	1	0	0	2	0	1	0	0	0	0	1	0	3	1	0	0	1	0	0	2	1	0	1	0	0	3	1	0	0	0	0	1	1	0	0	1	0	5	

TotalProcessTime(Ms) ( Count: 3856 Min: 41 Max: 30001 Average: 281)
Range	0	10	20	30	40	50	60	70	80	90	100	110	120	130	140	150	160	170	180	190	200	210	220	230	240	250	260	270	280	290	300	310	320	330	340	350	360	370	380	390	400	410	420	430	440	450	460	470	480	490	500	510	520	530	540	550	560	570	580	590	600	610	620	630	640	650	660	670	680	690	700	710	720	730	740	750	760	770	780	790	800	810	820	830	840	850	860	870	880	890	900	910	920	930	940	950	960	970	980	990	1000	1010	1020	1030	1040	1050	1060	1070	1080	1090	1100	1110	1120	1130	1140	1150	1160	1170	1180	1190	1200	1210	1220	1230	1240	1250	1260	1270	1280	1290	1300	1310	1320	1330	1340	1350	1360	1370	1380	1390	1400	1410	1420	1430	1440	1450	1460	1470	1480	1490	1500	1510	1520	1530	1540	1550	1560	1570	1580	1590	1600	1610	1620	1630	1640	1650	1660	1670	1680	1690	1700	1710	1720	1730	1740	1750	1760	1770	1780	1790	1800	1810	1820	1830	1840	1850	1860	1870	1880	1890	1900	1910	1920	1930	1940	1950	1960	1970	1980	1990	2000	2010	2020	2030	2040	2050	2060	2070	2080	2090	2100	2110	2120	2130	2140	2150	2160	2170	2180	2190	2200	2210	2220	2230	2240	2250	2260	2270	2280	2290	2300	2310	2320	2330	2340	2350	2360	2370	2380	2390	2400	2410	2420	2430	2440	2450	2460	2470	2480	2490	
Count	0	0	0	0	314	945	1032	675	228	80	26	20	13	11	10	13	9	10	20	36	99	45	31	5	3	4	2	2	2	2	3	2	1	1	4	1	3	4	2	0	3	3	0	3	3	3	4	1	2	1	1	3	1	3	3	1	2	1	2	2	3	5	2	1	0	1	2	1	2	3	3	0	0	3	0	3	1	2	2	0	5	1	3	1	1	0	1	1	0	1	2	1	2	0	1	2	1	0	0	3	0	0	0	1	0	0	2	3	1	0	0	1	0	1	3	0	0	2	0	1	2	0	0	0	2	0	0	1	0	1	0	1	0	1	1	0	0	1	1	0	1	0	1	1	0	0	0	1	1	0	1	0	1	0	0	2	1	1	0	0	1	1	1	0	0	0	1	1	0	1	0	1	0	0	0	0	0	0	0	0	0	0	1	0	0	0	0	0	0	2	1	1	0	1	0	0	1	1	0	0	0	0	0	0	1	0	0	0	0	1	0	0	0	0	0	0	1	0	0	0	0	0	0	0	1	0	0	0	0	0	0	0	0	0	0	0	0	1	0	0	0	0	0	0	0	0	0	0	0	39	

CloudLookupTravelAndProcessTime(Ms) ( Count: 3856 Min: 40 Max: 30000 Average: 280)
Range	0	10	20	30	40	50	60	70	80	90	100	110	120	130	140	150	160	170	180	190	200	210	220	230	240	250	260	270	280	290	300	310	320	330	340	350	360	370	380	390	400	410	420	430	440	450	460	470	480	490	500	510	520	530	540	550	560	570	580	590	600	610	620	630	640	650	660	670	680	690	700	710	720	730	740	750	760	770	780	790	800	810	820	830	840	850	860	870	880	890	900	910	920	930	940	950	960	970	980	990	1000	1010	1020	1030	1040	1050	1060	1070	1080	1090	1100	1110	1120	1130	1140	1150	1160	1170	1180	1190	1200	1210	1220	1230	1240	1250	1260	1270	1280	1290	1300	1310	1320	1330	1340	1350	1360	1370	1380	1390	1400	1410	1420	1430	1440	1450	1460	1470	1480	1490	1500	1510	1520	1530	1540	1550	1560	1570	1580	1590	1600	1610	1620	1630	1640	1650	1660	1670	1680	1690	1700	1710	1720	1730	1740	1750	1760	1770	1780	1790	1800	1810	1820	1830	1840	1850	1860	1870	1880	1890	1900	1910	1920	1930	1940	1950	1960	1970	1980	1990	2000	2010	2020	2030	2040	2050	2060	2070	2080	2090	2100	2110	2120	2130	2140	2150	2160	2170	2180	2190	2200	2210	2220	2230	2240	2250	2260	2270	2280	2290	2300	2310	2320	2330	2340	2350	2360	2370	2380	2390	2400	2410	2420	2430	2440	2450	2460	2470	2480	2490	
Count	0	0	0	0	327	1142	959	597	180	71	27	18	13	12	10	12	12	8	21	43	94	44	27	5	4	3	2	2	2	2	3	2	1	2	3	2	2	4	2	1	2	3	2	1	3	3	4	1	2	1	1	3	1	4	2	1	2	1	3	1	4	5	1	1	0	1	2	1	2	3	3	0	0	3	0	3	1	2	2	1	4	3	1	1	1	0	1	1	0	1	3	0	2	0	2	1	1	0	2	1	0	0	0	1	0	0	2	3	1	0	0	1	0	3	1	0	1	1	1	0	2	0	0	0	2	0	0	1	0	1	0	1	0	1	1	0	1	0	1	0	1	0	1	1	0	0	0	2	0	1	0	0	1	0	0	2	1	1	0	0	1	1	1	0	0	0	1	1	0	1	0	1	0	0	0	0	0	0	0	0	0	0	1	0	0	0	0	0	0	2	2	0	0	1	0	0	1	1	0	0	0	0	0	0	1	0	0	0	0	1	0	0	0	0	0	0	1	0	0	0	0	0	0	0	1	0	0	0	0	0	0	0	0	0	0	0	0	1	0	0	0	0	0	0	0	0	0	0	0	39	

CloudLookupTravelTime(Ms) ( Count: 3829 Min: 41 Max: 21664 Average: 116)
Range	0	10	20	30	40	50	60	70	80	90	100	110	120	130	140	150	160	170	180	190	200	210	220	230	240	250	260	270	280	290	300	310	320	330	340	350	360	370	380	390	400	410	420	430	440	450	460	470	480	490	500	510	520	530	540	550	560	570	580	590	600	610	620	630	640	650	660	670	680	690	700	710	720	730	740	750	760	770	780	790	800	810	820	830	840	850	860	870	880	890	900	910	920	930	940	950	960	970	980	990	1000	1010	1020	1030	1040	1050	1060	1070	1080	1090	1100	1110	1120	1130	1140	1150	1160	1170	1180	1190	1200	1210	1220	1230	1240	1250	1260	1270	1280	1290	1300	1310	1320	1330	1340	1350	1360	1370	1380	1390	1400	1410	1420	1430	1440	1450	1460	1470	1480	1490	1500	1510	1520	1530	1540	1550	1560	1570	1580	1590	1600	1610	1620	1630	1640	1650	1660	1670	1680	1690	1700	1710	1720	1730	1740	1750	1760	1770	1780	1790	1800	1810	1820	1830	1840	1850	1860	1870	1880	1890	1900	1910	1920	1930	1940	1950	1960	1970	1980	1990	2000	2010	2020	2030	2040	2050	2060	2070	2080	2090	2100	2110	2120	2130	2140	2150	2160	2170	2180	2190	2200	2210	2220	2230	2240	2250	2260	2270	2280	2290	2300	2310	2320	2330	2340	2350	2360	2370	2380	2390	2400	2410	2420	2430	2440	2450	2460	2470	2480	2490	
Count	0	0	0	0	3132	46	74	53	18	11	12	7	10	11	7	13	7	22	171	27	3	2	5	3	1	2	2	4	2	1	1	2	3	3	5	1	1	1	4	1	1	5	5	0	3	2	1	2	2	2	3	2	2	0	2	3	2	0	3	2	4	1	0	2	1	1	2	1	1	2	1	2	3	2	1	2	1	4	2	0	1	1	1	2	0	0	1	0	0	2	0	2	0	1	2	1	0	2	0	0	0	1	2	0	1	1	1	1	0	0	1	2	0	1	2	1	0	0	0	1	2	1	0	0	1	1	0	0	1	0	0	0	1	0	0	0	3	0	1	0	0	0	0	0	0	1	2	0	0	1	1	0	0	1	0	1	0	0	0	1	0	1	0	0	1	1	0	0	1	0	0	0	0	0	2	0	0	0	1	0	0	0	0	0	0	0	2	0	1	0	0	1	0	1	0	0	0	0	0	0	0	1	0	1	0	0	0	1	1	0	0	0	0	1	1	0	0	0	0	0	0	0	0	0	1	0	0	0	0	1	0	0	0	0	0	1	0	0	0	0	0	0	0	1	0	0	0	0	0	14	

ResponseSendTime(Ms) ( Count: 27800 Min: 0 Max: 7 Average: 1)
Range	0	
Count	27800	


---------- Global Timing Histograms ----------

TimeRemainingAtReceipt(Ms) ( Count: 9119 Min: 144 Max: 567 Average: 531)
Range	0	10	20	30	40	50	60	70	80	90	100	110	120	130	140	150	160	170	180	190	200	210	220	230	240	250	260	270	280	290	300	310	320	330	340	350	360	370	380	390	400	410	420	430	440	450	460	470	480	490	500	510	520	530	540	550	560	
Count	0	0	0	0	0	0	0	0	0	0	0	0	0	0	1	0	0	0	0	0	0	0	0	0	0	1	1	0	0	0	0	2	0	0	2	0	2	4	0	5	0	4	4	0	9	29	0	58	133	0	403	938	1025	4809	0	1661	28	

ResponseSendTime(Ms) ( Count: 62023 Min: 0 Max: 11 Average: 1)
Range	0	10	
Count	62022	1	

CheckMoveRequestsPerSecond ( Count: 0 Min: 0 Max: 0 Average: 0)

Transport 1: Run "5-6-20190419121934719" completed. Potential Total: 23949, Potential Matched: 3856, Potential Timeouts: 0, Actual Total: 3856, Actual Moved: 103, Actual Timeouts: 0, Actual Timeouts Inc: 0, Late: 172, Errors: 0

---------- Timing Histograms ----------

NameVariations ( Count: 0 Min: 0 Max: 0 Average: 0)

TotalTimeInSystem(Ms) ( Count: 0 Min: 0 Max: 0 Average: 0)

TimeRemainingAtReceipt(Ms) ( Count: 0 Min: 0 Max: 0 Average: 0)

CheckMoveRequestsPerSecond ( Count: 0 Min: 0 Max: 0 Average: 0)

LookupQueryTime(Ms) ( Count: 0 Min: 0 Max: 0 Average: 0)

TotalProcessTime(Ms) ( Count: 0 Min: 0 Max: 0 Average: 0)

CloudLookupTravelAndProcessTime(Ms) ( Count: 0 Min: 0 Max: 0 Average: 0)

CloudLookupTravelTime(Ms) ( Count: 0 Min: 0 Max: 0 Average: 0)

ResponseSendTime(Ms) ( Count: 0 Min: 0 Max: 0 Average: 0)


---------- Global Timing Histograms ----------

TimeRemainingAtReceipt(Ms) ( Count: 9119 Min: 144 Max: 567 Average: 531)
Range	0	10	20	30	40	50	60	70	80	90	100	110	120	130	140	150	160	170	180	190	200	210	220	230	240	250	260	270	280	290	300	310	320	330	340	350	360	370	380	390	400	410	420	430	440	450	460	470	480	490	500	510	520	530	540	550	560	
Count	0	0	0	0	0	0	0	0	0	0	0	0	0	0	1	0	0	0	0	0	0	0	0	0	0	1	1	0	0	0	0	2	0	0	2	0	2	4	0	5	0	4	4	0	9	29	0	58	133	0	403	938	1025	4809	0	1661	28	

ResponseSendTime(Ms) ( Count: 62023 Min: 0 Max: 11 Average: 1)
Range	0	10	
Count	62022	1	

CheckMoveRequestsPerSecond ( Count: 0 Min: 0 Max: 0 Average: 0)

