Transport 1: Run "5-6-20190423122101196" completed. Potential Total: 19237, Potential Matched: 3080, Potential Timeouts: 0, Actual Total: 3076, Actual Moved: 123, Actual Timeouts: 0, Actual Timeouts Inc: 0, Late: 16, Errors: 0

---------- Timing Histograms ----------

NameVariations ( Count: 6121 Min: 1 Max: 67108864 Average: 389617)
Range	0	10	20	30	40	50	60	70	80	90	100	110	120	130	140	150	160	170	180	190	200	210	220	230	240	250	260	270	280	290	300	310	320	330	340	350	360	370	380	390	400	410	420	430	440	450	460	470	480	490	500	510	520	530	540	550	560	570	580	590	600	610	620	630	640	650	660	670	680	690	700	710	720	730	740	750	760	770	780	790	800	810	820	830	840	850	860	870	880	890	900	910	920	930	940	950	960	970	980	990	
Count	849	490	269	278	207	32	97	144	12	152	53	0	61	0	116	0	9	0	0	113	0	67	0	0	3	29	0	0	85	0	0	0	27	0	0	0	0	0	73	0	0	0	0	122	0	0	0	0	19	0	0	37	0	0	0	0	0	185	0	0	0	0	0	0	0	0	0	0	0	0	0	0	0	0	0	0	0	0	0	0	0	0	0	0	0	0	0	0	0	0	0	0	0	0	0	0	0	0	0	2592	

TotalTimeInSystem(Ms) ( Count: 3076 Min: 41 Max: 1254 Average: 74)
Range	0	10	20	30	40	50	60	70	80	90	100	110	120	130	140	150	160	170	180	190	200	210	220	230	240	250	260	270	280	290	300	310	320	330	340	350	360	370	380	390	400	410	420	430	440	450	460	470	480	490	500	510	520	530	540	550	560	570	580	590	600	610	620	630	640	650	660	670	680	690	700	710	720	730	740	750	760	770	780	790	800	810	820	830	840	850	860	870	880	890	900	910	920	930	940	950	960	970	980	990	1000	1010	1020	1030	1040	1050	1060	1070	1080	1090	1100	1110	1120	1130	1140	1150	1160	1170	1180	1190	1200	1210	1220	1230	1240	1250	
Count	0	0	0	0	303	898	827	548	177	67	92	54	19	6	6	2	6	5	4	6	3	4	0	1	2	1	3	3	1	2	2	3	0	0	1	0	1	0	1	2	1	1	0	2	0	0	0	0	3	2	0	2	0	0	0	0	1	0	1	0	2	0	0	1	1	0	1	1	0	1	0	1	0	0	0	0	0	0	0	0	0	0	0	0	1	0	0	0	1	0	0	1	0	0	0	0	0	0	0	0	0	0	0	0	0	0	0	0	0	0	0	0	0	1	0	0	0	0	0	0	0	0	0	0	0	1	

TimeRemainingAtReceipt(Ms) ( Count: 3095 Min: 144 Max: 582 Average: 540)
Range	0	10	20	30	40	50	60	70	80	90	100	110	120	130	140	150	160	170	180	190	200	210	220	230	240	250	260	270	280	290	300	310	320	330	340	350	360	370	380	390	400	410	420	430	440	450	460	470	480	490	500	510	520	530	540	550	560	570	580	
Count	0	0	0	0	0	0	0	0	0	0	0	0	0	0	1	0	0	0	0	2	0	0	0	0	0	0	1	0	0	0	0	0	0	0	0	0	0	1	0	2	0	1	2	0	5	5	0	15	24	0	103	170	196	1013	0	1330	222	0	2	

CheckMoveRequestsPerSecond ( Count: 1484 Min: 1 Max: 7 Average: 2)
Range	0	5	
Count	1460	24	

LookupQueryTime(Ms) ( Count: 3073 Min: 0 Max: 237 Average: 20)
Range	0	10	20	30	40	50	60	70	80	90	100	110	120	130	140	150	160	170	180	190	200	210	220	230	
Count	392	1294	873	418	62	12	8	1	3	1	0	1	1	0	1	0	0	1	1	1	0	1	0	2	

TotalProcessTime(Ms) ( Count: 3076 Min: 41 Max: 1254 Average: 74)
Range	0	10	20	30	40	50	60	70	80	90	100	110	120	130	140	150	160	170	180	190	200	210	220	230	240	250	260	270	280	290	300	310	320	330	340	350	360	370	380	390	400	410	420	430	440	450	460	470	480	490	500	510	520	530	540	550	560	570	580	590	600	610	620	630	640	650	660	670	680	690	700	710	720	730	740	750	760	770	780	790	800	810	820	830	840	850	860	870	880	890	900	910	920	930	940	950	960	970	980	990	1000	1010	1020	1030	1040	1050	1060	1070	1080	1090	1100	1110	1120	1130	1140	1150	1160	1170	1180	1190	1200	1210	1220	1230	1240	1250	
Count	0	0	0	0	304	903	830	542	174	67	92	54	19	6	6	2	6	5	4	6	3	4	0	1	2	1	3	3	1	2	2	3	0	0	1	0	1	0	1	2	1	1	0	2	0	0	0	0	3	2	0	2	0	0	0	0	1	0	1	0	2	0	0	1	1	0	1	1	0	1	0	1	0	0	0	0	0	0	0	0	0	0	0	0	1	0	0	0	1	0	0	1	0	0	0	0	0	0	0	0	0	0	0	0	0	0	0	0	0	0	0	0	0	1	0	0	0	0	0	0	0	0	0	0	0	1	

CloudLookupTravelAndProcessTime(Ms) ( Count: 3076 Min: 41 Max: 1253 Average: 74)
Range	0	10	20	30	40	50	60	70	80	90	100	110	120	130	140	150	160	170	180	190	200	210	220	230	240	250	260	270	280	290	300	310	320	330	340	350	360	370	380	390	400	410	420	430	440	450	460	470	480	490	500	510	520	530	540	550	560	570	580	590	600	610	620	630	640	650	660	670	680	690	700	710	720	730	740	750	760	770	780	790	800	810	820	830	840	850	860	870	880	890	900	910	920	930	940	950	960	970	980	990	1000	1010	1020	1030	1040	1050	1060	1070	1080	1090	1100	1110	1120	1130	1140	1150	1160	1170	1180	1190	1200	1210	1220	1230	1240	1250	
Count	0	0	0	0	309	964	801	521	164	63	91	54	18	6	6	2	8	3	4	6	4	3	0	1	2	1	3	3	1	2	2	3	0	0	1	0	1	0	3	0	1	1	0	2	0	0	0	0	3	2	0	2	0	0	0	0	1	0	1	0	2	0	0	1	1	1	0	1	0	1	0	1	0	0	0	0	0	0	0	0	0	0	0	0	1	0	0	0	1	0	0	1	0	0	0	0	0	0	0	0	0	0	0	0	0	0	0	0	0	0	0	0	0	1	0	0	0	0	0	0	0	0	0	0	0	1	

CloudLookupTravelTime(Ms) ( Count: 3073 Min: 40 Max: 1042 Average: 53)
Range	0	10	20	30	40	50	60	70	80	90	100	110	120	130	140	150	160	170	180	190	200	210	220	230	240	250	260	270	280	290	300	310	320	330	340	350	360	370	380	390	400	410	420	430	440	450	460	470	480	490	500	510	520	530	540	550	560	570	580	590	600	610	620	630	640	650	660	670	680	690	700	710	720	730	740	750	760	770	780	790	800	810	820	830	840	850	860	870	880	890	900	910	920	930	940	950	960	970	980	990	1000	1010	1020	1030	1040	
Count	0	0	0	0	2648	50	85	31	160	12	8	4	5	3	1	2	11	6	4	1	1	0	3	1	2	3	1	1	2	0	1	0	1	0	0	1	1	0	2	1	0	1	0	0	1	0	2	0	3	0	0	0	0	0	1	2	0	1	0	0	0	1	1	1	2	0	0	0	0	0	2	0	0	0	0	0	0	0	1	0	0	0	0	0	0	0	0	0	0	1	0	0	0	0	0	0	0	0	0	0	0	0	0	0	1	

ResponseSendTime(Ms) ( Count: 22311 Min: 0 Max: 16 Average: 0)
Range	0	10	
Count	22310	1	


---------- Global Timing Histograms ----------

TimeRemainingAtReceipt(Ms) ( Count: 3095 Min: 144 Max: 582 Average: 540)
Range	0	10	20	30	40	50	60	70	80	90	100	110	120	130	140	150	160	170	180	190	200	210	220	230	240	250	260	270	280	290	300	310	320	330	340	350	360	370	380	390	400	410	420	430	440	450	460	470	480	490	500	510	520	530	540	550	560	570	580	
Count	0	0	0	0	0	0	0	0	0	0	0	0	0	0	1	0	0	0	0	2	0	0	0	0	0	0	1	0	0	0	0	0	0	0	0	0	0	1	0	2	0	1	2	0	5	5	0	15	24	0	103	170	196	1013	0	1330	222	0	2	

ResponseSendTime(Ms) ( Count: 22311 Min: 0 Max: 16 Average: 0)
Range	0	10	
Count	22310	1	

CheckMoveRequestsPerSecond ( Count: 0 Min: 0 Max: 0 Average: 0)

Transport 1: Run "5-6-20190423122101196" completed. Potential Total: 19237, Potential Matched: 3080, Potential Timeouts: 0, Actual Total: 3076, Actual Moved: 123, Actual Timeouts: 0, Actual Timeouts Inc: 0, Late: 16, Errors: 0

---------- Timing Histograms ----------

NameVariations ( Count: 0 Min: 0 Max: 0 Average: 0)

TotalTimeInSystem(Ms) ( Count: 0 Min: 0 Max: 0 Average: 0)

TimeRemainingAtReceipt(Ms) ( Count: 0 Min: 0 Max: 0 Average: 0)

CheckMoveRequestsPerSecond ( Count: 0 Min: 0 Max: 0 Average: 0)

LookupQueryTime(Ms) ( Count: 0 Min: 0 Max: 0 Average: 0)

TotalProcessTime(Ms) ( Count: 0 Min: 0 Max: 0 Average: 0)

CloudLookupTravelAndProcessTime(Ms) ( Count: 0 Min: 0 Max: 0 Average: 0)

CloudLookupTravelTime(Ms) ( Count: 0 Min: 0 Max: 0 Average: 0)

ResponseSendTime(Ms) ( Count: 0 Min: 0 Max: 0 Average: 0)


---------- Global Timing Histograms ----------

TimeRemainingAtReceipt(Ms) ( Count: 3095 Min: 144 Max: 582 Average: 540)
Range	0	10	20	30	40	50	60	70	80	90	100	110	120	130	140	150	160	170	180	190	200	210	220	230	240	250	260	270	280	290	300	310	320	330	340	350	360	370	380	390	400	410	420	430	440	450	460	470	480	490	500	510	520	530	540	550	560	570	580	
Count	0	0	0	0	0	0	0	0	0	0	0	0	0	0	1	0	0	0	0	2	0	0	0	0	0	0	1	0	0	0	0	0	0	0	0	0	0	1	0	2	0	1	2	0	5	5	0	15	24	0	103	170	196	1013	0	1330	222	0	2	

ResponseSendTime(Ms) ( Count: 22311 Min: 0 Max: 16 Average: 0)
Range	0	10	
Count	22310	1	

CheckMoveRequestsPerSecond ( Count: 0 Min: 0 Max: 0 Average: 0)

