Transport 1: Run "5-6-20190423152918823" completed. Potential Total: 433, Potential Matched: 134, Potential Timeouts: 0, Actual Total: 134, Actual Moved: 18, Actual Timeouts: 0, Actual Timeouts Inc: 0, Late: 2, Errors: 0

---------- Timing Histograms ----------

NameVariations ( Count: 268 Min: 1 Max: 16777216 Average: 288521)
Range	0	10	20	30	40	50	60	70	80	90	100	110	120	130	140	150	160	170	180	190	200	210	220	230	240	250	260	270	280	290	300	310	320	330	340	350	360	370	380	390	400	410	420	430	440	450	460	470	480	490	500	510	520	530	540	550	560	570	580	590	600	610	620	630	640	650	660	670	680	690	700	710	720	730	740	750	760	770	780	790	800	810	820	830	840	850	860	870	880	890	900	910	920	930	940	950	960	970	980	990	
Count	31	17	13	12	10	5	4	7	0	11	2	0	0	0	7	0	1	0	0	3	0	2	0	0	0	0	0	0	4	0	0	0	1	0	0	0	0	0	4	0	0	0	0	3	0	0	0	0	2	0	0	1	0	0	0	0	0	14	0	0	0	0	0	0	0	0	0	0	0	0	0	0	0	0	0	0	0	0	0	0	0	0	0	0	0	0	0	0	0	0	0	0	0	0	0	0	0	0	0	114	

TotalTimeInSystem(Ms) ( Count: 134 Min: 43 Max: 645 Average: 73)
Range	0	10	20	30	40	50	60	70	80	90	100	110	120	130	140	150	160	170	180	190	200	210	220	230	240	250	260	270	280	290	300	310	320	330	340	350	360	370	380	390	400	410	420	430	440	450	460	470	480	490	500	510	520	530	540	550	560	570	580	590	600	610	620	630	640	
Count	0	0	0	0	24	33	46	18	7	1	0	2	0	0	0	0	0	0	0	0	0	0	0	0	0	0	0	0	0	0	0	0	0	0	0	0	0	0	0	0	0	0	1	0	0	0	0	0	0	0	0	0	0	0	0	1	0	0	0	0	0	0	0	0	1	

TimeRemainingAtReceipt(Ms) ( Count: 135 Min: 238 Max: 551 Average: 514)
Range	0	10	20	30	40	50	60	70	80	90	100	110	120	130	140	150	160	170	180	190	200	210	220	230	240	250	260	270	280	290	300	310	320	330	340	350	360	370	380	390	400	410	420	430	440	450	460	470	480	490	500	510	520	530	540	550	
Count	0	0	0	0	0	0	0	0	0	0	0	0	0	0	0	0	0	0	0	0	0	0	0	1	0	1	0	0	1	0	0	0	0	0	1	0	0	0	0	0	0	1	2	0	0	1	0	2	11	0	10	16	21	58	0	9	

CheckMoveRequestsPerSecond ( Count: 41 Min: 1 Max: 11 Average: 3)
Range	0	5	10	
Count	32	8	1	

LookupQueryTime(Ms) ( Count: 134 Min: 0 Max: 43 Average: 18)
Range	0	10	20	30	40	
Count	26	53	35	15	5	

TotalProcessTime(Ms) ( Count: 134 Min: 42 Max: 645 Average: 73)
Range	0	10	20	30	40	50	60	70	80	90	100	110	120	130	140	150	160	170	180	190	200	210	220	230	240	250	260	270	280	290	300	310	320	330	340	350	360	370	380	390	400	410	420	430	440	450	460	470	480	490	500	510	520	530	540	550	560	570	580	590	600	610	620	630	640	
Count	0	0	0	0	24	33	46	18	7	1	0	2	0	0	0	0	0	0	0	0	0	0	0	0	0	0	0	0	0	0	0	0	0	0	0	0	0	0	0	0	0	0	1	0	0	0	0	0	0	0	0	0	0	0	0	1	0	0	0	0	0	0	0	0	1	

CloudLookupTravelAndProcessTime(Ms) ( Count: 134 Min: 42 Max: 645 Average: 72)
Range	0	10	20	30	40	50	60	70	80	90	100	110	120	130	140	150	160	170	180	190	200	210	220	230	240	250	260	270	280	290	300	310	320	330	340	350	360	370	380	390	400	410	420	430	440	450	460	470	480	490	500	510	520	530	540	550	560	570	580	590	600	610	620	630	640	
Count	0	0	0	0	24	39	44	16	5	1	1	1	0	0	0	0	0	0	0	0	0	0	0	0	0	0	0	0	0	0	0	0	0	0	0	0	0	0	0	0	0	0	1	0	0	0	0	0	0	0	0	0	0	0	0	1	0	0	0	0	0	0	0	0	1	

CloudLookupTravelTime(Ms) ( Count: 134 Min: 40 Max: 602 Average: 54)
Range	0	10	20	30	40	50	60	70	80	90	100	110	120	130	140	150	160	170	180	190	200	210	220	230	240	250	260	270	280	290	300	310	320	330	340	350	360	370	380	390	400	410	420	430	440	450	460	470	480	490	500	510	520	530	540	550	560	570	580	590	600	
Count	0	0	0	0	125	1	2	0	3	0	0	0	0	0	0	0	0	0	0	0	0	0	0	0	0	0	0	0	0	0	0	0	0	0	0	0	0	0	1	0	0	0	0	0	0	0	0	0	0	0	0	1	0	0	0	0	0	0	0	0	1	

ResponseSendTime(Ms) ( Count: 567 Min: 0 Max: 1 Average: 0)
Range	0	
Count	567	


---------- Global Timing Histograms ----------

TimeRemainingAtReceipt(Ms) ( Count: 10680 Min: 129 Max: 582 Average: 542)
Range	0	10	20	30	40	50	60	70	80	90	100	110	120	130	140	150	160	170	180	190	200	210	220	230	240	250	260	270	280	290	300	310	320	330	340	350	360	370	380	390	400	410	420	430	440	450	460	470	480	490	500	510	520	530	540	550	560	570	580	
Count	0	0	0	0	0	0	0	0	0	0	0	0	1	0	1	0	0	0	0	2	1	0	0	1	0	1	1	0	1	0	0	0	0	0	1	0	1	1	0	2	0	4	6	0	10	12	0	31	68	0	220	464	476	3814	0	4643	836	0	82	

ResponseSendTime(Ms) ( Count: 73294 Min: 0 Max: 16 Average: 0)
Range	0	10	
Count	73293	1	

CheckMoveRequestsPerSecond ( Count: 0 Min: 0 Max: 0 Average: 0)

