Transport 1: Run "5-6-20190423135655339" completed. Potential Total: 42996, Potential Matched: 7438, Potential Timeouts: 0, Actual Total: 7425, Actual Moved: 254, Actual Timeouts: 8, Actual Timeouts Inc: 0, Late: 57, Errors: 0

---------- Timing Histograms ----------

NameVariations ( Count: 14475 Min: 1 Max: 33554432 Average: 212322)
Range	0	10	20	30	40	50	60	70	80	90	100	110	120	130	140	150	160	170	180	190	200	210	220	230	240	250	260	270	280	290	300	310	320	330	340	350	360	370	380	390	400	410	420	430	440	450	460	470	480	490	500	510	520	530	540	550	560	570	580	590	600	610	620	630	640	650	660	670	680	690	700	710	720	730	740	750	760	770	780	790	800	810	820	830	840	850	860	870	880	890	900	910	920	930	940	950	960	970	980	990	
Count	1833	1195	593	624	474	105	219	330	21	369	133	0	121	0	284	0	27	0	0	209	0	136	0	0	4	72	0	0	199	0	0	0	71	0	0	0	0	0	189	0	0	0	0	280	0	0	0	0	31	0	0	89	0	0	0	0	0	509	0	0	0	0	0	0	0	0	0	0	0	0	0	0	0	0	0	0	0	0	0	0	0	0	0	0	0	0	0	0	0	0	0	0	0	0	0	0	0	0	0	6358	

TotalTimeInSystem(Ms) ( Count: 7425 Min: 41 Max: 30007 Average: 151)
Range	0	10	20	30	40	50	60	70	80	90	100	110	120	130	140	150	160	170	180	190	200	210	220	230	240	250	260	270	280	290	300	310	320	330	340	350	360	370	380	390	400	410	420	430	440	450	460	470	480	490	500	510	520	530	540	550	560	570	580	590	600	610	620	630	640	650	660	670	680	690	700	710	720	730	740	750	760	770	780	790	800	810	820	830	840	850	860	870	880	890	900	910	920	930	940	950	960	970	980	990	1000	1010	1020	1030	1040	1050	1060	1070	1080	1090	1100	1110	1120	1130	1140	1150	1160	1170	1180	1190	1200	1210	1220	1230	1240	1250	1260	1270	1280	1290	1300	1310	1320	1330	1340	1350	1360	1370	1380	1390	1400	1410	1420	1430	1440	1450	1460	1470	1480	1490	1500	1510	1520	1530	1540	1550	1560	1570	1580	1590	1600	1610	1620	1630	1640	1650	1660	1670	1680	1690	1700	1710	1720	1730	1740	1750	1760	1770	1780	1790	1800	1810	1820	1830	1840	1850	1860	1870	1880	1890	1900	1910	1920	1930	1940	1950	1960	1970	1980	1990	2000	2010	2020	2030	2040	2050	2060	2070	2080	2090	2100	2110	2120	2130	2140	2150	2160	2170	2180	2190	2200	2210	2220	2230	2240	2250	2260	2270	2280	2290	2300	2310	2320	2330	2340	2350	2360	2370	2380	2390	2400	2410	2420	2430	2440	2450	2460	2470	2480	2490	
Count	0	0	0	0	690	1989	1970	1513	513	243	167	103	37	23	11	5	5	3	6	5	4	6	8	13	4	4	3	2	4	1	5	3	2	2	0	1	0	3	2	0	3	0	1	0	0	2	2	2	0	2	5	0	3	2	2	1	1	1	0	1	0	1	0	1	0	2	1	0	0	0	1	1	0	0	1	0	0	0	0	0	1	0	0	0	0	0	0	0	0	0	0	0	0	1	0	0	0	0	1	0	0	0	0	0	0	0	1	0	1	0	0	1	0	0	0	0	0	0	0	0	0	0	0	0	0	0	0	2	1	0	0	2	0	0	0	0	0	0	0	0	0	0	0	0	0	0	0	0	0	0	0	0	0	0	0	0	0	0	0	0	0	0	0	0	0	0	0	0	0	0	0	0	0	0	1	0	0	0	0	0	0	0	0	0	0	0	0	0	0	0	1	0	0	0	0	0	0	0	0	0	0	0	0	0	0	0	0	0	0	0	0	0	0	0	0	0	0	0	0	0	0	0	0	0	0	0	0	0	0	0	0	0	0	0	0	0	0	0	0	0	0	0	0	0	0	0	0	0	0	26	

TimeRemainingAtReceipt(Ms) ( Count: 7450 Min: 129 Max: 582 Average: 543)
Range	0	10	20	30	40	50	60	70	80	90	100	110	120	130	140	150	160	170	180	190	200	210	220	230	240	250	260	270	280	290	300	310	320	330	340	350	360	370	380	390	400	410	420	430	440	450	460	470	480	490	500	510	520	530	540	550	560	570	580	
Count	0	0	0	0	0	0	0	0	0	0	0	0	1	0	0	0	0	0	0	0	1	0	0	0	0	0	0	0	0	0	0	0	0	0	0	0	1	0	0	0	0	2	2	0	5	6	0	14	33	0	107	278	259	2743	0	3304	614	0	80	

CheckMoveRequestsPerSecond ( Count: 3115 Min: 1 Max: 8 Average: 2)
Range	0	5	
Count	2962	153	

LookupQueryTime(Ms) ( Count: 7401 Min: 0 Max: 373 Average: 22)
Range	0	10	20	30	40	50	60	70	80	90	100	110	120	130	140	150	160	170	180	190	200	210	220	230	240	250	260	270	280	290	300	310	320	330	340	350	360	370	
Count	856	2906	2046	1172	269	66	37	10	8	4	7	2	1	2	1	0	0	1	1	0	0	2	0	1	1	0	1	1	0	1	1	1	1	0	0	0	1	1	

TotalProcessTime(Ms) ( Count: 7425 Min: 0 Max: 30007 Average: 147)
Range	0	10	20	30	40	50	60	70	80	90	100	110	120	130	140	150	160	170	180	190	200	210	220	230	240	250	260	270	280	290	300	310	320	330	340	350	360	370	380	390	400	410	420	430	440	450	460	470	480	490	500	510	520	530	540	550	560	570	580	590	600	610	620	630	640	650	660	670	680	690	700	710	720	730	740	750	760	770	780	790	800	810	820	830	840	850	860	870	880	890	900	910	920	930	940	950	960	970	980	990	1000	1010	1020	1030	1040	1050	1060	1070	1080	1090	1100	1110	1120	1130	1140	1150	1160	1170	1180	1190	1200	1210	1220	1230	1240	1250	1260	1270	1280	1290	1300	1310	1320	1330	1340	1350	1360	1370	1380	1390	1400	1410	1420	1430	1440	1450	1460	1470	1480	1490	1500	1510	1520	1530	1540	1550	1560	1570	1580	1590	1600	1610	1620	1630	1640	1650	1660	1670	1680	1690	1700	1710	1720	1730	1740	1750	1760	1770	1780	1790	1800	1810	1820	1830	1840	1850	1860	1870	1880	1890	1900	1910	1920	1930	1940	1950	1960	1970	1980	1990	2000	2010	2020	2030	2040	2050	2060	2070	2080	2090	2100	2110	2120	2130	2140	2150	2160	2170	2180	2190	2200	2210	2220	2230	2240	2250	2260	2270	2280	2290	2300	2310	2320	2330	2340	2350	2360	2370	2380	2390	2400	2410	2420	2430	2440	2450	2460	2470	2480	2490	
Count	8	0	0	0	695	2010	1964	1505	502	244	167	102	37	24	10	5	5	3	6	5	4	7	7	13	4	4	3	2	4	1	5	3	1	2	0	1	0	3	2	0	3	0	1	0	0	2	2	2	0	3	4	0	3	2	1	1	1	1	0	1	0	1	0	1	0	2	1	0	0	0	1	1	0	0	1	0	0	0	0	0	1	0	0	0	0	0	0	0	0	0	0	0	0	1	0	0	0	0	1	0	0	0	0	0	0	0	1	0	1	0	0	1	0	0	0	0	0	0	0	0	0	0	0	0	0	0	0	2	1	0	0	2	0	0	0	0	0	0	0	0	0	0	0	0	0	0	0	0	0	0	0	0	0	0	0	0	0	0	0	0	0	0	0	0	0	0	0	0	0	0	0	0	0	0	1	0	0	0	0	0	0	0	0	0	0	0	0	0	0	0	0	0	0	0	0	0	0	0	0	0	0	0	0	0	0	0	0	0	0	0	0	0	0	0	0	0	0	0	0	0	0	0	0	0	0	0	0	0	0	0	0	0	0	0	0	0	0	0	0	0	0	0	0	0	0	0	0	0	0	20	

CloudLookupTravelAndProcessTime(Ms) ( Count: 7425 Min: 0 Max: 30006 Average: 147)
Range	0	10	20	30	40	50	60	70	80	90	100	110	120	130	140	150	160	170	180	190	200	210	220	230	240	250	260	270	280	290	300	310	320	330	340	350	360	370	380	390	400	410	420	430	440	450	460	470	480	490	500	510	520	530	540	550	560	570	580	590	600	610	620	630	640	650	660	670	680	690	700	710	720	730	740	750	760	770	780	790	800	810	820	830	840	850	860	870	880	890	900	910	920	930	940	950	960	970	980	990	1000	1010	1020	1030	1040	1050	1060	1070	1080	1090	1100	1110	1120	1130	1140	1150	1160	1170	1180	1190	1200	1210	1220	1230	1240	1250	1260	1270	1280	1290	1300	1310	1320	1330	1340	1350	1360	1370	1380	1390	1400	1410	1420	1430	1440	1450	1460	1470	1480	1490	1500	1510	1520	1530	1540	1550	1560	1570	1580	1590	1600	1610	1620	1630	1640	1650	1660	1670	1680	1690	1700	1710	1720	1730	1740	1750	1760	1770	1780	1790	1800	1810	1820	1830	1840	1850	1860	1870	1880	1890	1900	1910	1920	1930	1940	1950	1960	1970	1980	1990	2000	2010	2020	2030	2040	2050	2060	2070	2080	2090	2100	2110	2120	2130	2140	2150	2160	2170	2180	2190	2200	2210	2220	2230	2240	2250	2260	2270	2280	2290	2300	2310	2320	2330	2340	2350	2360	2370	2380	2390	2400	2410	2420	2430	2440	2450	2460	2470	2480	2490	
Count	8	0	0	0	704	2169	1936	1415	459	253	164	93	33	26	9	5	4	4	5	5	4	7	7	13	4	5	2	2	4	2	5	2	1	2	0	1	0	3	2	0	3	0	1	0	1	1	2	2	0	4	3	0	3	2	1	1	1	1	0	1	0	1	0	1	1	1	1	0	0	0	1	1	0	0	1	0	0	0	0	0	1	0	0	0	0	0	0	0	0	0	0	0	0	1	0	0	0	0	1	0	0	0	0	0	0	0	1	0	1	0	0	1	0	0	0	0	0	0	0	0	0	0	0	0	0	0	0	2	1	0	1	1	0	0	0	0	0	0	0	0	0	0	0	0	0	0	0	0	0	0	0	0	0	0	0	0	0	0	0	0	0	0	0	0	0	0	0	0	0	0	0	0	0	0	1	0	0	0	0	0	0	0	0	0	0	0	0	0	0	0	0	0	0	0	0	0	0	0	0	0	0	0	0	0	0	0	0	0	0	0	0	0	0	0	0	0	0	0	0	0	0	0	0	0	0	0	0	0	0	0	0	0	0	0	0	0	0	0	0	0	0	0	0	0	0	0	0	0	0	20	

CloudLookupTravelTime(Ms) ( Count: 7401 Min: 40 Max: 21785 Average: 68)
Range	0	10	20	30	40	50	60	70	80	90	100	110	120	130	140	150	160	170	180	190	200	210	220	230	240	250	260	270	280	290	300	310	320	330	340	350	360	370	380	390	400	410	420	430	440	450	460	470	480	490	500	510	520	530	540	550	560	570	580	590	600	610	620	630	640	650	660	670	680	690	700	710	720	730	740	750	760	770	780	790	800	810	820	830	840	850	860	870	880	890	900	910	920	930	940	950	960	970	980	990	1000	1010	1020	1030	1040	1050	1060	1070	1080	1090	1100	1110	1120	1130	1140	1150	1160	1170	1180	1190	1200	1210	1220	1230	1240	1250	1260	1270	1280	1290	1300	1310	1320	1330	1340	1350	1360	1370	1380	1390	1400	1410	1420	1430	1440	1450	1460	1470	1480	1490	1500	1510	1520	1530	1540	1550	1560	1570	1580	1590	1600	1610	1620	1630	1640	1650	1660	1670	1680	1690	1700	1710	1720	1730	1740	1750	1760	1770	1780	1790	1800	1810	1820	1830	1840	1850	1860	1870	1880	1890	1900	1910	1920	1930	1940	1950	1960	1970	1980	1990	2000	2010	2020	2030	2040	2050	2060	2070	2080	2090	2100	2110	2120	2130	2140	2150	2160	2170	2180	2190	2200	2210	2220	2230	2240	2250	2260	2270	2280	2290	2300	2310	2320	2330	2340	2350	2360	2370	2380	2390	2400	2410	2420	2430	2440	2450	2460	2470	2480	2490	
Count	0	0	0	0	6575	147	78	175	269	7	13	8	5	1	1	2	8	7	4	9	11	2	3	1	7	2	1	1	3	4	0	1	0	3	0	4	1	0	1	0	1	0	0	3	3	2	2	5	3	2	0	1	2	2	0	0	1	0	1	0	1	0	0	0	0	0	0	0	1	0	1	1	0	0	0	0	0	0	0	0	1	0	0	0	0	0	0	0	0	0	0	0	1	0	1	0	0	0	1	0	0	0	0	0	0	0	0	0	1	0	1	0	0	0	1	0	0	0	0	0	0	0	0	0	0	0	1	0	0	0	0	0	0	0	0	0	0	0	0	0	0	0	1	0	0	0	0	0	0	0	0	0	0	0	0	0	0	0	0	0	0	0	0	0	0	0	0	0	0	0	0	0	0	0	0	0	0	0	0	0	0	0	0	0	0	0	0	0	0	0	0	0	0	0	0	0	0	0	0	0	0	0	0	0	0	0	0	0	0	0	0	0	0	0	0	0	0	0	0	0	0	0	0	0	0	0	0	0	0	0	0	0	0	0	0	0	0	0	0	0	0	0	0	0	0	0	0	0	0	6	

ResponseSendTime(Ms) ( Count: 50413 Min: 0 Max: 9 Average: 0)
Range	0	
Count	50413	


---------- Global Timing Histograms ----------

TimeRemainingAtReceipt(Ms) ( Count: 10545 Min: 129 Max: 582 Average: 542)
Range	0	10	20	30	40	50	60	70	80	90	100	110	120	130	140	150	160	170	180	190	200	210	220	230	240	250	260	270	280	290	300	310	320	330	340	350	360	370	380	390	400	410	420	430	440	450	460	470	480	490	500	510	520	530	540	550	560	570	580	
Count	0	0	0	0	0	0	0	0	0	0	0	0	1	0	1	0	0	0	0	2	1	0	0	0	0	0	1	0	0	0	0	0	0	0	0	0	1	1	0	2	0	3	4	0	10	11	0	29	57	0	210	448	455	3756	0	4634	836	0	82	

ResponseSendTime(Ms) ( Count: 72724 Min: 0 Max: 16 Average: 0)
Range	0	10	
Count	72723	1	

CheckMoveRequestsPerSecond ( Count: 0 Min: 0 Max: 0 Average: 0)

Transport 1: Run "5-6-20190423135655339" completed. Potential Total: 42996, Potential Matched: 7438, Potential Timeouts: 0, Actual Total: 7425, Actual Moved: 254, Actual Timeouts: 8, Actual Timeouts Inc: 0, Late: 57, Errors: 0

---------- Timing Histograms ----------

NameVariations ( Count: 0 Min: 0 Max: 0 Average: 0)

TotalTimeInSystem(Ms) ( Count: 0 Min: 0 Max: 0 Average: 0)

TimeRemainingAtReceipt(Ms) ( Count: 0 Min: 0 Max: 0 Average: 0)

CheckMoveRequestsPerSecond ( Count: 0 Min: 0 Max: 0 Average: 0)

LookupQueryTime(Ms) ( Count: 0 Min: 0 Max: 0 Average: 0)

TotalProcessTime(Ms) ( Count: 0 Min: 0 Max: 0 Average: 0)

CloudLookupTravelAndProcessTime(Ms) ( Count: 0 Min: 0 Max: 0 Average: 0)

CloudLookupTravelTime(Ms) ( Count: 0 Min: 0 Max: 0 Average: 0)

ResponseSendTime(Ms) ( Count: 0 Min: 0 Max: 0 Average: 0)


---------- Global Timing Histograms ----------

TimeRemainingAtReceipt(Ms) ( Count: 10545 Min: 129 Max: 582 Average: 542)
Range	0	10	20	30	40	50	60	70	80	90	100	110	120	130	140	150	160	170	180	190	200	210	220	230	240	250	260	270	280	290	300	310	320	330	340	350	360	370	380	390	400	410	420	430	440	450	460	470	480	490	500	510	520	530	540	550	560	570	580	
Count	0	0	0	0	0	0	0	0	0	0	0	0	1	0	1	0	0	0	0	2	1	0	0	0	0	0	1	0	0	0	0	0	0	0	0	0	1	1	0	2	0	3	4	0	10	11	0	29	57	0	210	448	455	3756	0	4634	836	0	82	

ResponseSendTime(Ms) ( Count: 72724 Min: 0 Max: 16 Average: 0)
Range	0	10	
Count	72723	1	

CheckMoveRequestsPerSecond ( Count: 0 Min: 0 Max: 0 Average: 0)

