Transport 1: Run "5-6-20190423152848427" completed. Potential Total: 3, Potential Matched: 0, Potential Timeouts: 0, Actual Total: 0, Actual Moved: 0, Actual Timeouts: 0, Actual Timeouts Inc: 0, Late: 0, Errors: 0

---------- Timing Histograms ----------

NameVariations ( Count: 0 Min: 0 Max: 0 Average: 0)

TotalTimeInSystem(Ms) ( Count: 0 Min: 0 Max: 0 Average: 0)

TimeRemainingAtReceipt(Ms) ( Count: 0 Min: 0 Max: 0 Average: 0)

CheckMoveRequestsPerSecond ( Count: 0 Min: 0 Max: 0 Average: 0)

LookupQueryTime(Ms) ( Count: 0 Min: 0 Max: 0 Average: 0)

TotalProcessTime(Ms) ( Count: 0 Min: 0 Max: 0 Average: 0)

CloudLookupTravelAndProcessTime(Ms) ( Count: 0 Min: 0 Max: 0 Average: 0)

CloudLookupTravelTime(Ms) ( Count: 0 Min: 0 Max: 0 Average: 0)

ResponseSendTime(Ms) ( Count: 3 Min: 0 Max: 1 Average: 0)
Range	0	
Count	3	


---------- Global Timing Histograms ----------

TimeRemainingAtReceipt(Ms) ( Count: 10545 Min: 129 Max: 582 Average: 542)
Range	0	10	20	30	40	50	60	70	80	90	100	110	120	130	140	150	160	170	180	190	200	210	220	230	240	250	260	270	280	290	300	310	320	330	340	350	360	370	380	390	400	410	420	430	440	450	460	470	480	490	500	510	520	530	540	550	560	570	580	
Count	0	0	0	0	0	0	0	0	0	0	0	0	1	0	1	0	0	0	0	2	1	0	0	0	0	0	1	0	0	0	0	0	0	0	0	0	1	1	0	2	0	3	4	0	10	11	0	29	57	0	210	448	455	3756	0	4634	836	0	82	

ResponseSendTime(Ms) ( Count: 72727 Min: 0 Max: 16 Average: 0)
Range	0	10	
Count	72726	1	

CheckMoveRequestsPerSecond ( Count: 0 Min: 0 Max: 0 Average: 0)

