Transport 1: Run "7-1-20190423103940922" completed. Potential Total: 8, Potential Matched: 1, Potential Timeouts: 0, Actual Total: 1, Actual Moved: 0, Actual Timeouts: 0, Actual Timeouts Inc: 0, Late: 0, Errors: 0

---------- Timing Histograms ----------

NameVariations ( Count: 2 Min: 324 Max: 576 Average: 450)
Range	0	10	20	30	40	50	60	70	80	90	100	110	120	130	140	150	160	170	180	190	200	210	220	230	240	250	260	270	280	290	300	310	320	330	340	350	360	370	380	390	400	410	420	430	440	450	460	470	480	490	500	510	520	530	540	550	560	570	
Count	0	0	0	0	0	0	0	0	0	0	0	0	0	0	0	0	0	0	0	0	0	0	0	0	0	0	0	0	0	0	0	0	1	0	0	0	0	0	0	0	0	0	0	0	0	0	0	0	0	0	0	0	0	0	0	0	0	1	

TotalTimeInSystem(Ms) ( Count: 1 Min: 94 Max: 94 Average: 94)
Range	0	10	20	30	40	50	60	70	80	90	
Count	0	0	0	0	0	0	0	0	0	1	

TimeRemainingAtReceipt(Ms) ( Count: 1 Min: 617 Max: 617 Average: 617)
Range	0	10	20	30	40	50	60	70	80	90	100	110	120	130	140	150	160	170	180	190	200	210	220	230	240	250	260	270	280	290	300	310	320	330	340	350	360	370	380	390	400	410	420	430	440	450	460	470	480	490	500	510	520	530	540	550	560	570	580	590	600	610	
Count	0	0	0	0	0	0	0	0	0	0	0	0	0	0	0	0	0	0	0	0	0	0	0	0	0	0	0	0	0	0	0	0	0	0	0	0	0	0	0	0	0	0	0	0	0	0	0	0	0	0	0	0	0	0	0	0	0	0	0	0	0	1	

CheckMoveRequestsPerSecond ( Count: 1 Min: 1 Max: 1 Average: 1)
Range	0	
Count	1	

LookupQueryTime(Ms) ( Count: 1 Min: 51 Max: 51 Average: 51)
Range	0	10	20	30	40	50	
Count	0	0	0	0	0	1	

TotalProcessTime(Ms) ( Count: 1 Min: 94 Max: 94 Average: 94)
Range	0	10	20	30	40	50	60	70	80	90	
Count	0	0	0	0	0	0	0	0	0	1	

CloudLookupTravelAndProcessTime(Ms) ( Count: 1 Min: 94 Max: 94 Average: 94)
Range	0	10	20	30	40	50	60	70	80	90	
Count	0	0	0	0	0	0	0	0	0	1	

CloudLookupTravelTime(Ms) ( Count: 1 Min: 43 Max: 43 Average: 43)
Range	0	10	20	30	40	
Count	0	0	0	0	1	

ResponseSendTime(Ms) ( Count: 9 Min: 0 Max: 1 Average: 0)
Range	0	
Count	9	


---------- Global Timing Histograms ----------

TimeRemainingAtReceipt(Ms) ( Count: 3557 Min: 382 Max: 633 Average: 595)
Range	0	10	20	30	40	50	60	70	80	90	100	110	120	130	140	150	160	170	180	190	200	210	220	230	240	250	260	270	280	290	300	310	320	330	340	350	360	370	380	390	400	410	420	430	440	450	460	470	480	490	500	510	520	530	540	550	560	570	580	590	600	610	620	630	
Count	0	0	0	0	0	0	0	0	0	0	0	0	0	0	0	0	0	0	0	0	0	0	0	0	0	0	0	0	0	0	0	0	0	0	0	0	0	0	1	0	0	0	0	0	0	0	0	2	0	0	0	0	25	180	0	430	0	180	221	0	1122	1387	0	9	

ResponseSendTime(Ms) ( Count: 25478 Min: 0 Max: 4 Average: 0)
Range	0	
Count	25478	

CheckMoveRequestsPerSecond ( Count: 0 Min: 0 Max: 0 Average: 0)

