Transport 1: Run "7-1-20190423103541098" completed. Potential Total: 92, Potential Matched: 20, Potential Timeouts: 0, Actual Total: 20, Actual Moved: 3, Actual Timeouts: 0, Actual Timeouts Inc: 0, Late: 0, Errors: 0

---------- Timing Histograms ----------

NameVariations ( Count: 40 Min: 2 Max: 576 Average: 279)
Range	0	10	20	30	40	50	60	70	80	90	100	110	120	130	140	150	160	170	180	190	200	210	220	230	240	250	260	270	280	290	300	310	320	330	340	350	360	370	380	390	400	410	420	430	440	450	460	470	480	490	500	510	520	530	540	550	560	570	
Count	5	3	1	3	1	0	0	1	0	1	0	0	1	0	2	0	0	0	0	0	0	0	0	0	0	0	0	0	1	0	0	0	0	0	0	0	0	0	8	0	0	0	0	3	0	0	0	0	0	0	0	1	0	0	0	0	0	9	

TotalTimeInSystem(Ms) ( Count: 20 Min: 44 Max: 349 Average: 88)
Range	0	10	20	30	40	50	60	70	80	90	100	110	120	130	140	150	160	170	180	190	200	210	220	230	240	250	260	270	280	290	300	310	320	330	340	
Count	0	0	0	0	2	1	0	9	3	4	0	0	0	0	0	0	0	0	0	0	0	0	0	0	0	0	0	0	0	0	0	0	0	0	1	

TimeRemainingAtReceipt(Ms) ( Count: 20 Min: 539 Max: 617 Average: 584)
Range	0	10	20	30	40	50	60	70	80	90	100	110	120	130	140	150	160	170	180	190	200	210	220	230	240	250	260	270	280	290	300	310	320	330	340	350	360	370	380	390	400	410	420	430	440	450	460	470	480	490	500	510	520	530	540	550	560	570	580	590	600	610	
Count	0	0	0	0	0	0	0	0	0	0	0	0	0	0	0	0	0	0	0	0	0	0	0	0	0	0	0	0	0	0	0	0	0	0	0	0	0	0	0	0	0	0	0	0	0	0	0	0	0	0	0	0	0	1	0	8	0	0	0	0	5	6	

CheckMoveRequestsPerSecond ( Count: 13 Min: 1 Max: 3 Average: 2)
Range	0	
Count	13	

LookupQueryTime(Ms) ( Count: 20 Min: 0 Max: 69 Average: 32)
Range	0	10	20	30	40	50	60	
Count	3	1	4	6	5	0	1	

TotalProcessTime(Ms) ( Count: 20 Min: 44 Max: 349 Average: 88)
Range	0	10	20	30	40	50	60	70	80	90	100	110	120	130	140	150	160	170	180	190	200	210	220	230	240	250	260	270	280	290	300	310	320	330	340	
Count	0	0	0	0	2	1	0	9	3	4	0	0	0	0	0	0	0	0	0	0	0	0	0	0	0	0	0	0	0	0	0	0	0	0	1	

CloudLookupTravelAndProcessTime(Ms) ( Count: 20 Min: 43 Max: 349 Average: 88)
Range	0	10	20	30	40	50	60	70	80	90	100	110	120	130	140	150	160	170	180	190	200	210	220	230	240	250	260	270	280	290	300	310	320	330	340	
Count	0	0	0	0	2	1	0	9	3	4	0	0	0	0	0	0	0	0	0	0	0	0	0	0	0	0	0	0	0	0	0	0	0	0	1	

CloudLookupTravelTime(Ms) ( Count: 20 Min: 42 Max: 280 Average: 56)
Range	0	10	20	30	40	50	60	70	80	90	100	110	120	130	140	150	160	170	180	190	200	210	220	230	240	250	260	270	280	
Count	0	0	0	0	17	2	0	0	0	0	0	0	0	0	0	0	0	0	0	0	0	0	0	0	0	0	0	0	1	

ResponseSendTime(Ms) ( Count: 112 Min: 0 Max: 1 Average: 0)
Range	0	
Count	112	


---------- Global Timing Histograms ----------

TimeRemainingAtReceipt(Ms) ( Count: 3556 Min: 382 Max: 633 Average: 595)
Range	0	10	20	30	40	50	60	70	80	90	100	110	120	130	140	150	160	170	180	190	200	210	220	230	240	250	260	270	280	290	300	310	320	330	340	350	360	370	380	390	400	410	420	430	440	450	460	470	480	490	500	510	520	530	540	550	560	570	580	590	600	610	620	630	
Count	0	0	0	0	0	0	0	0	0	0	0	0	0	0	0	0	0	0	0	0	0	0	0	0	0	0	0	0	0	0	0	0	0	0	0	0	0	0	1	0	0	0	0	0	0	0	0	2	0	0	0	0	25	180	0	430	0	180	221	0	1122	1386	0	9	

ResponseSendTime(Ms) ( Count: 25469 Min: 0 Max: 4 Average: 0)
Range	0	
Count	25469	

CheckMoveRequestsPerSecond ( Count: 0 Min: 0 Max: 0 Average: 0)

