Transport 1: Run "7-1-20190423095356246" completed. Potential Total: 21821, Potential Matched: 3536, Potential Timeouts: 0, Actual Total: 3536, Actual Moved: 223, Actual Timeouts: 0, Actual Timeouts Inc: 0, Late: 6, Errors: 0

---------- Timing Histograms ----------

NameVariations ( Count: 7056 Min: 1 Max: 131072 Average: 374)
Range	0	10	20	30	40	50	60	70	80	90	100	110	120	130	140	150	160	170	180	190	200	210	220	230	240	250	260	270	280	290	300	310	320	330	340	350	360	370	380	390	400	410	420	430	440	450	460	470	480	490	500	510	520	530	540	550	560	570	580	590	600	610	620	630	640	650	660	670	680	690	700	710	720	730	740	750	760	770	780	790	800	810	820	830	840	850	860	870	880	890	900	910	920	930	940	950	960	970	980	990	
Count	566	391	224	238	211	37	125	124	6	180	37	0	60	0	141	0	15	0	0	158	0	55	0	0	0	46	0	0	112	0	0	0	31	0	0	0	0	0	1185	0	0	0	0	383	0	0	0	0	14	0	0	373	0	0	0	0	0	2264	0	0	0	0	0	0	0	0	0	0	0	0	0	0	0	0	0	0	0	0	0	0	0	0	0	0	0	0	0	0	0	0	0	0	0	0	0	0	0	0	0	80	

TotalTimeInSystem(Ms) ( Count: 3536 Min: 43 Max: 903 Average: 90)
Range	0	10	20	30	40	50	60	70	80	90	100	110	120	130	140	150	160	170	180	190	200	210	220	230	240	250	260	270	280	290	300	310	320	330	340	350	360	370	380	390	400	410	420	430	440	450	460	470	480	490	500	510	520	530	540	550	560	570	580	590	600	610	620	630	640	650	660	670	680	690	700	710	720	730	740	750	760	770	780	790	800	810	820	830	840	850	860	870	880	890	900	
Count	0	0	0	0	174	39	101	918	1135	596	179	139	110	42	19	10	4	10	5	2	3	6	8	1	3	1	0	1	1	2	0	1	1	0	0	0	1	2	1	2	2	0	1	0	3	1	1	1	0	0	1	0	0	1	1	1	0	0	0	0	0	0	0	0	0	0	0	0	1	0	1	0	0	0	0	0	0	1	0	0	0	0	0	0	0	0	0	0	1	1	1	

TimeRemainingAtReceipt(Ms) ( Count: 3536 Min: 382 Max: 633 Average: 595)
Range	0	10	20	30	40	50	60	70	80	90	100	110	120	130	140	150	160	170	180	190	200	210	220	230	240	250	260	270	280	290	300	310	320	330	340	350	360	370	380	390	400	410	420	430	440	450	460	470	480	490	500	510	520	530	540	550	560	570	580	590	600	610	620	630	
Count	0	0	0	0	0	0	0	0	0	0	0	0	0	0	0	0	0	0	0	0	0	0	0	0	0	0	0	0	0	0	0	0	0	0	0	0	0	0	1	0	0	0	0	0	0	0	0	2	0	0	0	0	25	179	0	422	0	180	221	0	1117	1380	0	9	

CheckMoveRequestsPerSecond ( Count: 1137 Min: 1 Max: 10 Average: 3)
Range	0	5	10	
Count	926	210	1	

LookupQueryTime(Ms) ( Count: 3535 Min: 0 Max: 242 Average: 38)
Range	0	10	20	30	40	50	60	70	80	90	100	110	120	130	140	150	160	170	180	190	200	210	220	230	240	
Count	220	37	355	1247	1188	341	60	42	30	4	3	2	0	2	0	0	0	2	0	0	1	0	0	0	1	

TotalProcessTime(Ms) ( Count: 3536 Min: 43 Max: 903 Average: 90)
Range	0	10	20	30	40	50	60	70	80	90	100	110	120	130	140	150	160	170	180	190	200	210	220	230	240	250	260	270	280	290	300	310	320	330	340	350	360	370	380	390	400	410	420	430	440	450	460	470	480	490	500	510	520	530	540	550	560	570	580	590	600	610	620	630	640	650	660	670	680	690	700	710	720	730	740	750	760	770	780	790	800	810	820	830	840	850	860	870	880	890	900	
Count	0	0	0	0	174	39	101	922	1137	590	180	138	110	42	19	10	4	10	5	2	3	6	8	1	3	1	0	1	1	2	0	1	1	0	0	0	1	2	1	2	2	0	1	0	3	1	1	1	0	0	1	0	0	1	1	1	0	0	0	0	0	0	0	0	0	0	0	0	1	0	1	0	0	0	0	0	0	1	0	0	0	0	0	0	0	0	0	0	1	1	1	

CloudLookupTravelAndProcessTime(Ms) ( Count: 3536 Min: 42 Max: 903 Average: 90)
Range	0	10	20	30	40	50	60	70	80	90	100	110	120	130	140	150	160	170	180	190	200	210	220	230	240	250	260	270	280	290	300	310	320	330	340	350	360	370	380	390	400	410	420	430	440	450	460	470	480	490	500	510	520	530	540	550	560	570	580	590	600	610	620	630	640	650	660	670	680	690	700	710	720	730	740	750	760	770	780	790	800	810	820	830	840	850	860	870	880	890	900	
Count	0	0	0	0	178	36	109	969	1119	561	178	136	109	40	17	10	5	9	5	2	3	6	8	1	3	1	1	0	1	2	0	1	1	0	0	0	1	2	1	2	2	1	0	0	3	1	1	1	0	0	1	0	0	1	1	1	0	0	0	0	0	0	0	0	0	0	0	0	1	1	0	0	0	0	0	0	0	1	0	0	0	0	0	0	0	0	0	0	1	1	1	

CloudLookupTravelTime(Ms) ( Count: 3535 Min: 41 Max: 845 Average: 51)
Range	0	10	20	30	40	50	60	70	80	90	100	110	120	130	140	150	160	170	180	190	200	210	220	230	240	250	260	270	280	290	300	310	320	330	340	350	360	370	380	390	400	410	420	430	440	450	460	470	480	490	500	510	520	530	540	550	560	570	580	590	600	610	620	630	640	650	660	670	680	690	700	710	720	730	740	750	760	770	780	790	800	810	820	830	840	
Count	0	0	0	0	3019	74	58	243	29	21	17	6	10	3	3	0	1	14	5	2	1	1	1	0	0	0	1	1	1	2	1	0	1	0	2	2	1	4	0	1	1	0	0	0	0	1	0	0	0	2	0	0	1	0	1	0	0	0	0	0	1	0	0	0	0	0	0	0	0	0	0	0	0	0	0	0	0	0	0	0	0	1	0	0	2	

ResponseSendTime(Ms) ( Count: 25357 Min: 0 Max: 4 Average: 0)
Range	0	
Count	25357	


---------- Global Timing Histograms ----------

TimeRemainingAtReceipt(Ms) ( Count: 3536 Min: 382 Max: 633 Average: 595)
Range	0	10	20	30	40	50	60	70	80	90	100	110	120	130	140	150	160	170	180	190	200	210	220	230	240	250	260	270	280	290	300	310	320	330	340	350	360	370	380	390	400	410	420	430	440	450	460	470	480	490	500	510	520	530	540	550	560	570	580	590	600	610	620	630	
Count	0	0	0	0	0	0	0	0	0	0	0	0	0	0	0	0	0	0	0	0	0	0	0	0	0	0	0	0	0	0	0	0	0	0	0	0	0	0	1	0	0	0	0	0	0	0	0	2	0	0	0	0	25	179	0	422	0	180	221	0	1117	1380	0	9	

ResponseSendTime(Ms) ( Count: 25357 Min: 0 Max: 4 Average: 0)
Range	0	
Count	25357	

CheckMoveRequestsPerSecond ( Count: 0 Min: 0 Max: 0 Average: 0)

