Transport 1: Run "7-5-20190423143448386" completed. Potential Total: 153, Potential Matched: 11, Potential Timeouts: 0, Actual Total: 11, Actual Moved: 2, Actual Timeouts: 0, Actual Timeouts Inc: 0, Late: 0, Errors: 0

---------- Timing Histograms ----------

NameVariations ( Count: 12 Min: 2 Max: 4096 Average: 612)
Range	0	10	20	30	40	50	60	70	80	90	100	110	120	130	140	150	160	170	180	190	200	210	220	230	240	250	260	270	280	290	300	310	320	330	340	350	360	370	380	390	400	410	420	430	440	450	460	470	480	490	500	510	520	530	540	550	560	570	580	590	600	610	620	630	640	650	660	670	680	690	700	710	720	730	740	750	760	770	780	790	800	810	820	830	840	850	860	870	880	890	900	910	920	930	940	950	960	970	980	990	
Count	1	1	1	0	0	0	0	1	0	2	0	0	1	0	0	0	0	0	0	1	0	0	0	0	0	0	0	0	0	0	0	0	0	0	0	0	0	0	0	0	0	0	0	0	0	0	0	0	0	0	0	0	0	0	0	0	0	1	0	0	0	0	0	0	0	0	0	0	0	0	0	0	0	0	0	0	0	0	0	0	0	0	0	0	0	0	0	0	0	0	0	0	0	0	0	0	0	0	0	3	

TotalTimeInSystem(Ms) ( Count: 11 Min: 42 Max: 185 Average: 68)
Range	0	10	20	30	40	50	60	70	80	90	100	110	120	130	140	150	160	170	180	
Count	0	0	0	0	7	1	0	0	0	1	1	0	0	0	0	0	0	0	1	

TimeRemainingAtReceipt(Ms) ( Count: 11 Min: 601 Max: 617 Average: 610)
Range	0	10	20	30	40	50	60	70	80	90	100	110	120	130	140	150	160	170	180	190	200	210	220	230	240	250	260	270	280	290	300	310	320	330	340	350	360	370	380	390	400	410	420	430	440	450	460	470	480	490	500	510	520	530	540	550	560	570	580	590	600	610	
Count	0	0	0	0	0	0	0	0	0	0	0	0	0	0	0	0	0	0	0	0	0	0	0	0	0	0	0	0	0	0	0	0	0	0	0	0	0	0	0	0	0	0	0	0	0	0	0	0	0	0	0	0	0	0	0	0	0	0	0	0	5	6	

CheckMoveRequestsPerSecond ( Count: 7 Min: 1 Max: 3 Average: 2)
Range	0	
Count	7	

LookupQueryTime(Ms) ( Count: 11 Min: 0 Max: 57 Average: 12)
Range	0	10	20	30	40	50	
Count	9	0	0	0	1	1	

TotalProcessTime(Ms) ( Count: 11 Min: 42 Max: 185 Average: 68)
Range	0	10	20	30	40	50	60	70	80	90	100	110	120	130	140	150	160	170	180	
Count	0	0	0	0	7	1	0	0	0	1	1	0	0	0	0	0	0	0	1	

CloudLookupTravelAndProcessTime(Ms) ( Count: 11 Min: 42 Max: 185 Average: 67)
Range	0	10	20	30	40	50	60	70	80	90	100	110	120	130	140	150	160	170	180	
Count	0	0	0	0	7	1	0	0	0	1	1	0	0	0	0	0	0	0	1	

CloudLookupTravelTime(Ms) ( Count: 11 Min: 41 Max: 180 Average: 55)
Range	0	10	20	30	40	50	60	70	80	90	100	110	120	130	140	150	160	170	180	
Count	0	0	0	0	10	0	0	0	0	0	0	0	0	0	0	0	0	0	1	

ResponseSendTime(Ms) ( Count: 164 Min: 0 Max: 1 Average: 0)
Range	0	
Count	164	


---------- Global Timing Histograms ----------

TimeRemainingAtReceipt(Ms) ( Count: 4166 Min: 382 Max: 633 Average: 597)
Range	0	10	20	30	40	50	60	70	80	90	100	110	120	130	140	150	160	170	180	190	200	210	220	230	240	250	260	270	280	290	300	310	320	330	340	350	360	370	380	390	400	410	420	430	440	450	460	470	480	490	500	510	520	530	540	550	560	570	580	590	600	610	620	630	
Count	0	0	0	0	0	0	0	0	0	0	0	0	0	0	0	0	0	0	0	0	0	0	0	0	0	0	0	0	0	0	0	0	0	0	0	0	0	0	2	0	0	0	0	0	0	0	1	2	0	0	0	0	25	181	0	431	0	182	226	0	1375	1730	0	11	

ResponseSendTime(Ms) ( Count: 29814 Min: 0 Max: 4 Average: 0)
Range	0	
Count	29814	

CheckMoveRequestsPerSecond ( Count: 0 Min: 0 Max: 0 Average: 0)

