Transport 1: Run "7-5-20190423142354088" completed. Potential Total: 2652, Potential Matched: 416, Potential Timeouts: 0, Actual Total: 416, Actual Moved: 27, Actual Timeouts: 0, Actual Timeouts Inc: 0, Late: 0, Errors: 0

---------- Timing Histograms ----------

NameVariations ( Count: 815 Min: 1 Max: 16384 Average: 371)
Range	0	10	20	30	40	50	60	70	80	90	100	110	120	130	140	150	160	170	180	190	200	210	220	230	240	250	260	270	280	290	300	310	320	330	340	350	360	370	380	390	400	410	420	430	440	450	460	470	480	490	500	510	520	530	540	550	560	570	580	590	600	610	620	630	640	650	660	670	680	690	700	710	720	730	740	750	760	770	780	790	800	810	820	830	840	850	860	870	880	890	900	910	920	930	940	950	960	970	980	990	
Count	52	31	26	20	27	1	9	11	0	22	3	0	14	0	24	0	3	0	0	17	0	8	0	0	1	12	0	0	28	0	0	0	6	0	0	0	0	0	132	0	0	0	0	58	0	0	0	0	1	0	0	55	0	0	0	0	0	250	0	0	0	0	0	0	0	0	0	0	0	0	0	0	0	0	0	0	0	0	0	0	0	0	0	0	0	0	0	0	0	0	0	0	0	0	0	0	0	0	0	4	

TotalTimeInSystem(Ms) ( Count: 416 Min: 42 Max: 312 Average: 85)
Range	0	10	20	30	40	50	60	70	80	90	100	110	120	130	140	150	160	170	180	190	200	210	220	230	240	250	260	270	280	290	300	310	
Count	0	0	0	0	26	31	36	102	92	53	14	19	15	7	10	3	2	2	0	0	1	1	0	0	0	0	1	0	0	0	0	1	

TimeRemainingAtReceipt(Ms) ( Count: 416 Min: 586 Max: 617 Average: 610)
Range	0	10	20	30	40	50	60	70	80	90	100	110	120	130	140	150	160	170	180	190	200	210	220	230	240	250	260	270	280	290	300	310	320	330	340	350	360	370	380	390	400	410	420	430	440	450	460	470	480	490	500	510	520	530	540	550	560	570	580	590	600	610	
Count	0	0	0	0	0	0	0	0	0	0	0	0	0	0	0	0	0	0	0	0	0	0	0	0	0	0	0	0	0	0	0	0	0	0	0	0	0	0	0	0	0	0	0	0	0	0	0	0	0	0	0	0	0	0	0	0	0	0	2	0	180	234	

CheckMoveRequestsPerSecond ( Count: 131 Min: 1 Max: 7 Average: 3)
Range	0	5	
Count	105	26	

LookupQueryTime(Ms) ( Count: 416 Min: 0 Max: 115 Average: 35)
Range	0	10	20	30	40	50	60	70	80	90	100	110	
Count	45	34	74	114	85	28	13	11	4	5	2	1	

TotalProcessTime(Ms) ( Count: 416 Min: 42 Max: 312 Average: 85)
Range	0	10	20	30	40	50	60	70	80	90	100	110	120	130	140	150	160	170	180	190	200	210	220	230	240	250	260	270	280	290	300	310	
Count	0	0	0	0	26	31	36	102	92	53	14	19	15	7	10	3	2	2	0	0	1	1	0	0	0	0	1	0	0	0	0	1	

CloudLookupTravelAndProcessTime(Ms) ( Count: 416 Min: 41 Max: 312 Average: 85)
Range	0	10	20	30	40	50	60	70	80	90	100	110	120	130	140	150	160	170	180	190	200	210	220	230	240	250	260	270	280	290	300	310	
Count	0	0	0	0	27	30	40	105	86	52	15	18	15	7	10	3	2	2	0	0	2	0	0	0	0	1	0	0	0	0	0	1	

CloudLookupTravelTime(Ms) ( Count: 416 Min: 40 Max: 284 Average: 50)
Range	0	10	20	30	40	50	60	70	80	90	100	110	120	130	140	150	160	170	180	190	200	210	220	230	240	250	260	270	280	
Count	0	0	0	0	342	16	11	19	14	6	1	1	2	0	1	0	0	0	1	0	0	0	1	0	0	0	0	0	1	

ResponseSendTime(Ms) ( Count: 3068 Min: 0 Max: 3 Average: 0)
Range	0	
Count	3068	


---------- Global Timing Histograms ----------

TimeRemainingAtReceipt(Ms) ( Count: 4012 Min: 382 Max: 633 Average: 597)
Range	0	10	20	30	40	50	60	70	80	90	100	110	120	130	140	150	160	170	180	190	200	210	220	230	240	250	260	270	280	290	300	310	320	330	340	350	360	370	380	390	400	410	420	430	440	450	460	470	480	490	500	510	520	530	540	550	560	570	580	590	600	610	620	630	
Count	0	0	0	0	0	0	0	0	0	0	0	0	0	0	0	0	0	0	0	0	0	0	0	0	0	0	0	0	0	0	0	0	0	0	0	0	0	0	1	0	0	0	0	0	0	0	1	2	0	0	0	0	25	180	0	430	0	180	223	0	1316	1645	0	9	

ResponseSendTime(Ms) ( Count: 28752 Min: 0 Max: 4 Average: 0)
Range	0	
Count	28752	

CheckMoveRequestsPerSecond ( Count: 0 Min: 0 Max: 0 Average: 0)

